{"source_type":"winevt_xml","raw":"<Event xmlns=\"http://schemas.microsoft.com/win/2004/08/events/event\"><System><Provider Name=\"Microsoft-Windows-Sysmon\" Guid=\"{5770385F-C22A-43E0-BF4C-06F5698FFBD9}\"/><EventID>3</EventID><Version>5</Version><Level>4</Level><Task>3</Task><Opcode>0</Opcode><Keywords>0x8000000000000000</Keywords><TimeCreated SystemTime=\"2026-03-14T01:30:00.000Z\"/><EventRecordID>8001</EventRecordID><Channel>Microsoft-Windows-Sysmon/Operational</Channel><Computer>WORKSTATION-02.corp.local</Computer></System><EventData><Data Name=\"RuleName\">technique_id=T1071,technique_name=Application Layer Protocol</Data><Data Name=\"UtcTime\">2026-03-14 01:30:00.000</Data><Data Name=\"ProcessGuid\">{B2C3D4E5-3333-4F6A-7B8C-9D0E1F2A3B4C}</Data><Data Name=\"ProcessId\">6688</Data><Data Name=\"Image\">C:\\Users\\jsmith\\AppData\\Local\\Temp\\payload.exe</Data><Data Name=\"User\">CORP\\jsmith</Data><Data Name=\"Protocol\">tcp</Data><Data Name=\"Initiated\">true</Data><Data Name=\"SourceIsIpv6\">false</Data><Data Name=\"SourceIp\">192.168.1.101</Data><Data Name=\"SourceHostname\">WORKSTATION-02.corp.local</Data><Data Name=\"SourcePort\">50000</Data><Data Name=\"SourcePortName\">-</Data><Data Name=\"DestinationIsIpv6\">false</Data><Data Name=\"DestinationIp\">185.220.101.45</Data><Data Name=\"DestinationHostname\">-</Data><Data Name=\"DestinationPort\">4444</Data><Data Name=\"DestinationPortName\">-</Data></EventData></Event>"}
{"source_type":"winevt_xml","raw":"<Event xmlns=\"http://schemas.microsoft.com/win/2004/08/events/event\"><System><Provider Name=\"Microsoft-Windows-Sysmon\" Guid=\"{5770385F-C22A-43E0-BF4C-06F5698FFBD9}\"/><EventID>3</EventID><Version>5</Version><Level>4</Level><Task>3</Task><Opcode>0</Opcode><Keywords>0x8000000000000000</Keywords><TimeCreated SystemTime=\"2026-03-14T03:30:00.000Z\"/><EventRecordID>8002</EventRecordID><Channel>Microsoft-Windows-Sysmon/Operational</Channel><Computer>WORKSTATION-05.corp.local</Computer></System><EventData><Data Name=\"RuleName\">-</Data><Data Name=\"UtcTime\">2026-03-14 03:30:00.000</Data><Data Name=\"ProcessGuid\">{E5F6A7B8-9999-4C9D-0E1F-2A3B4C5D6E7F}</Data><Data Name=\"ProcessId\">7788</Data><Data Name=\"Image\">C:\\Windows\\System32\\wscript.exe</Data><Data Name=\"User\">CORP\\agarcia</Data><Data Name=\"Protocol\">tcp</Data><Data Name=\"Initiated\">true</Data><Data Name=\"SourceIsIpv6\">false</Data><Data Name=\"SourceIp\">192.168.1.105</Data><Data Name=\"SourceHostname\">WORKSTATION-05.corp.local</Data><Data Name=\"SourcePort\">53000</Data><Data Name=\"SourcePortName\">-</Data><Data Name=\"DestinationIsIpv6\">false</Data><Data Name=\"DestinationIp\">91.234.99.42</Data><Data Name=\"DestinationHostname\">-</Data><Data Name=\"DestinationPort\">8080</Data><Data Name=\"DestinationPortName\">-</Data></EventData></Event>"}
{"source_type":"winevt_xml","raw":"<Event xmlns=\"http://schemas.microsoft.com/win/2004/08/events/event\"><System><Provider Name=\"Microsoft-Windows-Sysmon\" Guid=\"{5770385F-C22A-43E0-BF4C-06F5698FFBD9}\"/><EventID>3</EventID><Version>5</Version><Level>4</Level><Task>3</Task><Opcode>0</Opcode><Keywords>0x8000000000000000</Keywords><TimeCreated SystemTime=\"2026-03-14T05:30:00.000Z\"/><EventRecordID>8003</EventRecordID><Channel>Microsoft-Windows-Sysmon/Operational</Channel><Computer>WORKSTATION-01.corp.local</Computer></System><EventData><Data Name=\"RuleName\">-</Data><Data Name=\"UtcTime\">2026-03-14 05:30:00.000</Data><Data Name=\"ProcessGuid\">{A1B2C3D4-AAAA-4E5F-6A7B-8C9D0E1F2A3B}</Data><Data Name=\"ProcessId\">1500</Data><Data Name=\"Image\">C:\\Program Files\\Google\\Chrome\\Application\\chrome.exe</Data><Data Name=\"User\">CORP\\jsmith</Data><Data Name=\"Protocol\">tcp</Data><Data Name=\"Initiated\">true</Data><Data Name=\"SourceIsIpv6\">false</Data><Data Name=\"SourceIp\">192.168.1.100</Data><Data Name=\"SourceHostname\">WORKSTATION-01.corp.local</Data><Data Name=\"SourcePort\">52000</Data><Data Name=\"SourcePortName\">-</Data><Data Name=\"DestinationIsIpv6\">false</Data><Data Name=\"DestinationIp\">142.250.80.46</Data><Data Name=\"DestinationHostname\">www.google.com</Data><Data Name=\"DestinationPort\">443</Data><Data Name=\"DestinationPortName\">https</Data></EventData></Event>"}
{"source_type":"winevt_xml","raw":"<Event xmlns=\"http://schemas.microsoft.com/win/2004/08/events/event\"><System><Provider Name=\"Microsoft-Windows-Sysmon\" Guid=\"{5770385F-C22A-43E0-BF4C-06F5698FFBD9}\"/><EventID>3</EventID><Version>5</Version><Level>4</Level><Task>3</Task><Opcode>0</Opcode><Keywords>0x8000000000000000</Keywords><TimeCreated SystemTime=\"2026-03-14T07:30:00.000Z\"/><EventRecordID>8004</EventRecordID><Channel>Microsoft-Windows-Sysmon/Operational</Channel><Computer>SERVER-DB-01.corp.local</Computer></System><EventData><Data Name=\"RuleName\">technique_id=T1041,technique_name=Exfiltration Over C2 Channel</Data><Data Name=\"UtcTime\">2026-03-14 07:30:00.000</Data><Data Name=\"ProcessGuid\">{F6A7B8C9-BBBB-4D0E-1F2A-3B4C5D6E7F8A}</Data><Data Name=\"ProcessId\">5500</Data><Data Name=\"Image\">C:\\Program Files\\Microsoft SQL Server\\MSSQL16\\MSSQL\\Binn\\sqlservr.exe</Data><Data Name=\"User\">NT SERVICE\\MSSQLSERVER</Data><Data Name=\"Protocol\">tcp</Data><Data Name=\"Initiated\">true</Data><Data Name=\"SourceIsIpv6\">false</Data><Data Name=\"SourceIp\">10.0.0.30</Data><Data Name=\"SourceHostname\">SERVER-DB-01.corp.local</Data><Data Name=\"SourcePort\">1433</Data><Data Name=\"SourcePortName\">ms-sql-s</Data><Data Name=\"DestinationIsIpv6\">false</Data><Data Name=\"DestinationIp\">185.220.101.45</Data><Data Name=\"DestinationHostname\">-</Data><Data Name=\"DestinationPort\">443</Data><Data Name=\"DestinationPortName\">https</Data></EventData></Event>"}
{"source_type":"winevt_xml","raw":"<Event xmlns=\"http://schemas.microsoft.com/win/2004/08/events/event\"><System><Provider Name=\"Microsoft-Windows-Sysmon\" Guid=\"{5770385F-C22A-43E0-BF4C-06F5698FFBD9}\"/><EventID>11</EventID><Version>2</Version><Level>4</Level><Task>11</Task><Opcode>0</Opcode><Keywords>0x8000000000000000</Keywords><TimeCreated SystemTime=\"2026-03-14T02:00:00.000Z\"/><EventRecordID>9001</EventRecordID><Channel>Microsoft-Windows-Sysmon/Operational</Channel><Computer>WORKSTATION-02.corp.local</Computer></System><EventData><Data Name=\"RuleName\">-</Data><Data Name=\"UtcTime\">2026-03-14 02:00:00.000</Data><Data Name=\"ProcessGuid\">{B2C3D4E5-3333-4F6A-7B8C-9D0E1F2A3B4C}</Data><Data Name=\"ProcessId\">6688</Data><Data Name=\"Image\">C:\\Users\\jsmith\\AppData\\Local\\Temp\\payload.exe</Data><Data Name=\"TargetFilename\">C:\\Windows\\System32\\drivers\\malicious.sys</Data><Data Name=\"CreationUtcTime\">2026-03-14 02:00:00.000</Data></EventData></Event>"}
{"source_type":"winevt_xml","raw":"<Event xmlns=\"http://schemas.microsoft.com/win/2004/08/events/event\"><System><Provider Name=\"Microsoft-Windows-Sysmon\" Guid=\"{5770385F-C22A-43E0-BF4C-06F5698FFBD9}\"/><EventID>11</EventID><Version>2</Version><Level>4</Level><Task>11</Task><Opcode>0</Opcode><Keywords>0x8000000000000000</Keywords><TimeCreated SystemTime=\"2026-03-14T04:00:00.000Z\"/><EventRecordID>9002</EventRecordID><Channel>Microsoft-Windows-Sysmon/Operational</Channel><Computer>SERVER-WEB-01.corp.local</Computer></System><EventData><Data Name=\"RuleName\">technique_id=T1505.003,technique_name=Web Shell</Data><Data Name=\"UtcTime\">2026-03-14 04:00:00.000</Data><Data Name=\"ProcessGuid\">{E5F6A7B8-CCCC-4C9D-0E1F-2A3B4C5D6E7F}</Data><Data Name=\"ProcessId\">3300</Data><Data Name=\"Image\">C:\\inetpub\\wwwroot\\app\\w3wp.exe</Data><Data Name=\"TargetFilename\">C:\\inetpub\\wwwroot\\uploads\\webshell.aspx</Data><Data Name=\"CreationUtcTime\">2026-03-14 04:00:00.000</Data></EventData></Event>"}
{"source_type":"winevt_xml","raw":"<Event xmlns=\"http://schemas.microsoft.com/win/2004/08/events/event\"><System><Provider Name=\"Microsoft-Windows-Sysmon\" Guid=\"{5770385F-C22A-43E0-BF4C-06F5698FFBD9}\"/><EventID>11</EventID><Version>2</Version><Level>4</Level><Task>11</Task><Opcode>0</Opcode><Keywords>0x8000000000000000</Keywords><TimeCreated SystemTime=\"2026-03-14T06:00:00.000Z\"/><EventRecordID>9003</EventRecordID><Channel>Microsoft-Windows-Sysmon/Operational</Channel><Computer>WORKSTATION-05.corp.local</Computer></System><EventData><Data Name=\"RuleName\">-</Data><Data Name=\"UtcTime\">2026-03-14 06:00:00.000</Data><Data Name=\"ProcessGuid\">{E5F6A7B8-DDDD-4C9D-0E1F-2A3B4C5D6E7F}</Data><Data Name=\"ProcessId\">7788</Data><Data Name=\"Image\">C:\\Windows\\System32\\wscript.exe</Data><Data Name=\"TargetFilename\">C:\\Users\\agarcia\\Documents\\important.docx.encrypted</Data><Data Name=\"CreationUtcTime\">2026-03-14 06:00:00.000</Data></EventData></Event>"}
{"source_type":"winevt_xml","raw":"<Event xmlns=\"http://schemas.microsoft.com/win/2004/08/events/event\"><System><Provider Name=\"Microsoft-Windows-Sysmon\" Guid=\"{5770385F-C22A-43E0-BF4C-06F5698FFBD9}\"/><EventID>11</EventID><Version>2</Version><Level>4</Level><Task>11</Task><Opcode>0</Opcode><Keywords>0x8000000000000000</Keywords><TimeCreated SystemTime=\"2026-03-14T08:00:00.000Z\"/><EventRecordID>9004</EventRecordID><Channel>Microsoft-Windows-Sysmon/Operational</Channel><Computer>WORKSTATION-03.corp.local</Computer></System><EventData><Data Name=\"RuleName\">-</Data><Data Name=\"UtcTime\">2026-03-14 08:00:00.000</Data><Data Name=\"ProcessGuid\">{C3D4E5F6-EEEE-4A7B-8C9D-0E1F2A3B4C5D}</Data><Data Name=\"ProcessId\">9900</Data><Data Name=\"Image\">C:\\Users\\bwilson\\Downloads\\installer.exe</Data><Data Name=\"TargetFilename\">C:\\Users\\bwilson\\AppData\\Roaming\\Microsoft\\Windows\\Start Menu\\Programs\\Startup\\persist.exe</Data><Data Name=\"CreationUtcTime\">2026-03-14 08:00:00.000</Data></EventData></Event>"}
{"source_type":"winevt_xml","raw":"<Event xmlns=\"http://schemas.microsoft.com/win/2004/08/events/event\"><System><Provider Name=\"Microsoft-Windows-Sysmon\" Guid=\"{5770385F-C22A-43E0-BF4C-06F5698FFBD9}\"/><EventID>1</EventID><Version>5</Version><Level>4</Level><Task>1</Task><Opcode>0</Opcode><Keywords>0x8000000000000000</Keywords><TimeCreated SystemTime=\"2026-03-14T09:00:00.000Z\"/><EventRecordID>7005</EventRecordID><Channel>Microsoft-Windows-Sysmon/Operational</Channel><Computer>WORKSTATION-01.corp.local</Computer></System><EventData><Data Name=\"RuleName\">-</Data><Data Name=\"UtcTime\">2026-03-14 09:00:00.000</Data><Data Name=\"ProcessGuid\">{A1B2C3D4-FFFF-4E5F-6A7B-8C9D0E1F2A3B}</Data><Data Name=\"ProcessId\">2100</Data><Data Name=\"Image\">C:\\Windows\\System32\\notepad.exe</Data><Data Name=\"FileVersion\">10.0.19041.1</Data><Data Name=\"CommandLine\">notepad.exe C:\\Users\\jsmith\\Documents\\notes.txt</Data><Data Name=\"CurrentDirectory\">C:\\Users\\jsmith\\</Data><Data Name=\"User\">CORP\\jsmith</Data><Data Name=\"LogonGuid\">{A1B2C3D4-0000-4E5F-0000-000000000000}</Data><Data Name=\"LogonId\">0x12345</Data><Data Name=\"TerminalSessionId\">1</Data><Data Name=\"IntegrityLevel\">Medium</Data><Data Name=\"Hashes\">SHA256=STU567VWX890123</Data><Data Name=\"ParentProcessGuid\">{A1B2C3D4-0001-4E5F-6A7B-8C9D0E1F2A3B}</Data><Data Name=\"ParentProcessId\">1100</Data><Data Name=\"ParentImage\">C:\\Windows\\explorer.exe</Data><Data Name=\"ParentCommandLine\">explorer.exe</Data></EventData></Event>"}
{"source_type":"winevt_xml","raw":"<Event xmlns=\"http://schemas.microsoft.com/win/2004/08/events/event\"><System><Provider Name=\"Microsoft-Windows-Sysmon\" Guid=\"{5770385F-C22A-43E0-BF4C-06F5698FFBD9}\"/><EventID>3</EventID><Version>5</Version><Level>4</Level><Task>3</Task><Opcode>0</Opcode><Keywords>0x8000000000000000</Keywords><TimeCreated SystemTime=\"2026-03-14T09:30:00.000Z\"/><EventRecordID>8005</EventRecordID><Channel>Microsoft-Windows-Sysmon/Operational</Channel><Computer>WORKSTATION-01.corp.local</Computer></System><EventData><Data Name=\"RuleName\">-</Data><Data Name=\"UtcTime\">2026-03-14 09:30:00.000</Data><Data Name=\"ProcessGuid\">{A1B2C3D4-AAAA-4E5F-6A7B-8C9D0E1F2A3B}</Data><Data Name=\"ProcessId\">1500</Data><Data Name=\"Image\">C:\\Program Files\\Google\\Chrome\\Application\\chrome.exe</Data><Data Name=\"User\">CORP\\jsmith</Data><Data Name=\"Protocol\">tcp</Data><Data Name=\"Initiated\">true</Data><Data Name=\"SourceIsIpv6\">false</Data><Data Name=\"SourceIp\">192.168.1.100</Data><Data Name=\"SourceHostname\">WORKSTATION-01.corp.local</Data><Data Name=\"SourcePort\">52100</Data><Data Name=\"SourcePortName\">-</Data><Data Name=\"DestinationIsIpv6\">false</Data><Data Name=\"DestinationIp\">13.107.42.14</Data><Data Name=\"DestinationHostname\">www.microsoft.com</Data><Data Name=\"DestinationPort\">443</Data><Data Name=\"DestinationPortName\">https</Data></EventData></Event>"}
{"source_type":"winevt_xml","raw":"<Event xmlns=\"http://schemas.microsoft.com/win/2004/08/events/event\"><System><Provider Name=\"Microsoft-Windows-Sysmon\" Guid=\"{5770385F-C22A-43E0-BF4C-06F5698FFBD9}\"/><EventID>11</EventID><Version>2</Version><Level>4</Level><Task>11</Task><Opcode>0</Opcode><Keywords>0x8000000000000000</Keywords><TimeCreated SystemTime=\"2026-03-14T10:00:00.000Z\"/><EventRecordID>9005</EventRecordID><Channel>Microsoft-Windows-Sysmon/Operational</Channel><Computer>WORKSTATION-01.corp.local</Computer></System><EventData><Data Name=\"RuleName\">-</Data><Data Name=\"UtcTime\">2026-03-14 10:00:00.000</Data><Data Name=\"ProcessGuid\">{A1B2C3D4-AAAA-4E5F-6A7B-8C9D0E1F2A3B}</Data><Data Name=\"ProcessId\">1500</Data><Data Name=\"Image\">C:\\Program Files\\Google\\Chrome\\Application\\chrome.exe</Data><Data Name=\"TargetFilename\">C:\\Users\\jsmith\\Downloads\\setup.exe</Data><Data Name=\"CreationUtcTime\">2026-03-14 10:00:00.000</Data></EventData></Event>"}
{"source_type":"winevt_xml","raw":"<Event xmlns=\"http://schemas.microsoft.com/win/2004/08/events/event\"><System><Provider Name=\"Microsoft-Windows-Security-Auditing\" Guid=\"{54849625-5478-4994-A5BA-3E3B0328C30D}\"/><EventID>4688</EventID><Version>2</Version><Level>0</Level><Task>13312</Task><Opcode>0</Opcode><Keywords>0x8020000000000000</Keywords><TimeCreated SystemTime=\"2026-03-14T18:00:00.000Z\"/><EventRecordID>3010</EventRecordID><Channel>Security</Channel><Computer>WORKSTATION-02.corp.local</Computer></System><EventData><Data Name=\"SubjectUserSid\">S-1-5-21-3623811015-3361044348-30300820-1001</Data><Data Name=\"SubjectUserName\">jsmith</Data><Data Name=\"SubjectDomainName\">CORP</Data><Data Name=\"NewProcessId\">0x2B04</Data><Data Name=\"NewProcessName\">C:\\Windows\\System32\\reg.exe</Data><Data Name=\"TokenElevationType\">%%1937</Data><Data Name=\"ProcessId\">0x1A20</Data><Data Name=\"CommandLine\">reg.exe add HKLM\\SYSTEM\\CurrentControlSet\\Control\\SecurityProviders\\WDigest /v UseLogonCredential /t REG_DWORD /d 1 /f</Data><Data Name=\"ParentProcessName\">C:\\Users\\jsmith\\AppData\\Local\\Temp\\payload.exe</Data></EventData></Event>"}
{"source_type":"winevt_xml","raw":"<Event xmlns=\"http://schemas.microsoft.com/win/2004/08/events/event\"><System><Provider Name=\"Microsoft-Windows-Security-Auditing\" Guid=\"{54849625-5478-4994-A5BA-3E3B0328C30D}\"/><EventID>4624</EventID><Version>2</Version><Level>0</Level><Task>12544</Task><Opcode>0</Opcode><Keywords>0x8020000000000000</Keywords><TimeCreated SystemTime=\"2026-03-14T20:00:00.000Z\"/><EventRecordID>1010</EventRecordID><Channel>Security</Channel><Computer>SERVER-DC-01.corp.local</Computer></System><EventData><Data Name=\"SubjectUserSid\">S-1-5-18</Data><Data Name=\"SubjectUserName\">SERVER-DC-01$</Data><Data Name=\"SubjectDomainName\">CORP</Data><Data Name=\"TargetUserSid\">S-1-5-21-3623811015-3361044348-30300820-1002</Data><Data Name=\"TargetUserName\">agarcia</Data><Data Name=\"TargetDomainName\">CORP</Data><Data Name=\"LogonType\">10</Data><Data Name=\"LogonProcessName\">User32</Data><Data Name=\"AuthenticationPackageName\">Negotiate</Data><Data Name=\"WorkstationName\">WORKSTATION-04</Data><Data Name=\"LogonGuid\">{C9D0E1F2-A3B4-4C5D-6E7F-8A9B0C1D2E3F}</Data><Data Name=\"IpAddress\">192.168.1.104</Data><Data Name=\"IpPort\">49405</Data></EventData></Event>"}
{"source_type":"winevt_xml","raw":"<Event xmlns=\"http://schemas.microsoft.com/win/2004/08/events/event\"><System><Provider Name=\"Microsoft-Windows-Security-Auditing\" Guid=\"{54849625-5478-4994-A5BA-3E3B0328C30D}\"/><EventID>4625</EventID><Version>0</Version><Level>0</Level><Task>12546</Task><Opcode>0</Opcode><Keywords>0x8010000000000000</Keywords><TimeCreated SystemTime=\"2026-03-14T13:00:00.000Z\"/><EventRecordID>2009</EventRecordID><Channel>Security</Channel><Computer>SERVER-DC-01.corp.local</Computer></System><EventData><Data Name=\"SubjectUserSid\">S-1-0-0</Data><Data Name=\"SubjectUserName\">-</Data><Data Name=\"SubjectDomainName\">-</Data><Data Name=\"TargetUserSid\">S-1-0-0</Data><Data Name=\"TargetUserName\">admin</Data><Data Name=\"TargetDomainName\">CORP</Data><Data Name=\"Status\">0xc0000234</Data><Data Name=\"FailureReason\">%%2313</Data><Data Name=\"SubStatus\">0xc0000234</Data><Data Name=\"LogonType\">3</Data><Data Name=\"LogonProcessName\">NtLmSsp</Data><Data Name=\"AuthenticationPackageName\">NTLM</Data><Data Name=\"WorkstationName\">WORKSTATION-02</Data><Data Name=\"IpAddress\">192.168.1.101</Data><Data Name=\"IpPort\">50200</Data></EventData></Event>"}
{"source_type":"winevt_xml","raw":"<Event xmlns=\"http://schemas.microsoft.com/win/2004/08/events/event\"><System><Provider Name=\"Microsoft-Windows-Security-Auditing\" Guid=\"{54849625-5478-4994-A5BA-3E3B0328C30D}\"/><EventID>4768</EventID><Version>0</Version><Level>0</Level><Task>14339</Task><Opcode>0</Opcode><Keywords>0x8020000000000000</Keywords><TimeCreated SystemTime=\"2026-03-14T15:00:00.000Z\"/><EventRecordID>4005</EventRecordID><Channel>Security</Channel><Computer>SERVER-DC-01.corp.local</Computer></System><EventData><Data Name=\"TargetUserName\">admin</Data><Data Name=\"TargetDomainName\">CORP.LOCAL</Data><Data Name=\"TargetSid\">S-1-5-21-3623811015-3361044348-30300820-500</Data><Data Name=\"ServiceName\">krbtgt</Data><Data Name=\"ServiceSid\">S-1-5-21-3623811015-3361044348-30300820-502</Data><Data Name=\"TicketOptions\">0x40810010</Data><Data Name=\"Status\">0x0</Data><Data Name=\"TicketEncryptionType\">0x12</Data><Data Name=\"PreAuthType\">15</Data><Data Name=\"IpAddress\">::ffff:192.168.1.102</Data><Data Name=\"IpPort\">49610</Data></EventData></Event>"}
{"source_type":"winevt_xml","raw":"<Event xmlns=\"http://schemas.microsoft.com/win/2004/08/events/event\"><System><Provider Name=\"Microsoft-Windows-Security-Auditing\" Guid=\"{54849625-5478-4994-A5BA-3E3B0328C30D}\"/><EventID>4769</EventID><Version>0</Version><Level>0</Level><Task>14337</Task><Opcode>0</Opcode><Keywords>0x8020000000000000</Keywords><TimeCreated SystemTime=\"2026-03-14T17:00:00.000Z\"/><EventRecordID>5006</EventRecordID><Channel>Security</Channel><Computer>SERVER-DC-01.corp.local</Computer></System><EventData><Data Name=\"TargetUserName\">jsmith@CORP.LOCAL</Data><Data Name=\"TargetDomainName\">CORP.LOCAL</Data><Data Name=\"ServiceName\">HOST/WEB01.CORP.LOCAL</Data><Data Name=\"ServiceSid\">S-1-5-21-3623811015-3361044348-30300820-1000</Data><Data Name=\"TicketOptions\">0x40810000</Data><Data Name=\"TicketEncryptionType\">0x12</Data><Data Name=\"IpAddress\">::ffff:192.168.1.101</Data><Data Name=\"IpPort\">49606</Data><Data Name=\"Status\">0x0</Data></EventData></Event>"}
{"source_type":"winevt_xml","raw":"<Event xmlns=\"http://schemas.microsoft.com/win/2004/08/events/event\"><System><Provider Name=\"System\" Guid=\"{27D7FD72-688D-4B97-B4E1-ABCDEF123456}\"/><EventID>7045</EventID><Version>0</Version><Level>4</Level><Task>0</Task><Opcode>0</Opcode><Keywords>0x8080000000000000</Keywords><TimeCreated SystemTime=\"2026-03-14T22:00:00.000Z\"/><EventRecordID>6005</EventRecordID><Channel>System</Channel><Computer>WORKSTATION-02.corp.local</Computer></System><EventData><Data Name=\"ServiceName\">PersistenceSvc</Data><Data Name=\"ImagePath\">C:\\Users\\jsmith\\AppData\\Local\\Temp\\payload.exe --persist</Data><Data Name=\"ServiceType\">user mode service</Data><Data Name=\"StartType\">auto start</Data><Data Name=\"AccountName\">LocalSystem</Data></EventData></Event>"}
{"source_type":"winevt_xml","raw":"<Event xmlns=\"http://schemas.microsoft.com/win/2004/08/events/event\"><System><Provider Name=\"Microsoft-Windows-Sysmon\" Guid=\"{5770385F-C22A-43E0-BF4C-06F5698FFBD9}\"/><EventID>1</EventID><Version>5</Version><Level>4</Level><Task>1</Task><Opcode>0</Opcode><Keywords>0x8000000000000000</Keywords><TimeCreated SystemTime=\"2026-03-14T11:00:00.000Z\"/><EventRecordID>7006</EventRecordID><Channel>Microsoft-Windows-Sysmon/Operational</Channel><Computer>SERVER-WEB-01.corp.local</Computer></System><EventData><Data Name=\"RuleName\">technique_id=T1059.003,technique_name=Windows Command Shell</Data><Data Name=\"UtcTime\">2026-03-14 11:00:00.000</Data><Data Name=\"ProcessGuid\">{E5F6A7B8-1111-4C9D-0E1F-2A3B4C5D6E7F}</Data><Data Name=\"ProcessId\">12000</Data><Data Name=\"Image\">C:\\Windows\\System32\\cmd.exe</Data><Data Name=\"FileVersion\">10.0.17763.1</Data><Data Name=\"CommandLine\">cmd.exe /c whoami /priv &gt; C:\\inetpub\\temp\\privs.txt</Data><Data Name=\"CurrentDirectory\">C:\\inetpub\\wwwroot\\</Data><Data Name=\"User\">IIS APPPOOL\\DefaultAppPool</Data><Data Name=\"LogonGuid\">{E5F6A7B8-0000-4C9D-0000-000000000000}</Data><Data Name=\"LogonId\">0x56789</Data><Data Name=\"TerminalSessionId\">0</Data><Data Name=\"IntegrityLevel\">Medium</Data><Data Name=\"Hashes\">SHA256=YZA234BCD567890</Data><Data Name=\"ParentProcessGuid\">{E5F6A7B8-2222-4C9D-0E1F-2A3B4C5D6E7F}</Data><Data Name=\"ParentProcessId\">3300</Data><Data Name=\"ParentImage\">C:\\inetpub\\wwwroot\\app\\w3wp.exe</Data><Data Name=\"ParentCommandLine\">w3wp.exe</Data></EventData></Event>"}
{"source_type":"winevt_xml","raw":"<Event xmlns=\"http://schemas.microsoft.com/win/2004/08/events/event\"><System><Provider Name=\"Microsoft-Windows-Sysmon\" Guid=\"{5770385F-C22A-43E0-BF4C-06F5698FFBD9}\"/><EventID>3</EventID><Version>5</Version><Level>4</Level><Task>3</Task><Opcode>0</Opcode><Keywords>0x8000000000000000</Keywords><TimeCreated SystemTime=\"2026-03-14T11:30:00.000Z\"/><EventRecordID>8006</EventRecordID><Channel>Microsoft-Windows-Sysmon/Operational</Channel><Computer>WORKSTATION-04.corp.local</Computer></System><EventData><Data Name=\"RuleName\">-</Data><Data Name=\"UtcTime\">2026-03-14 11:30:00.000</Data><Data Name=\"ProcessGuid\">{C3D4E5F6-5555-4A7B-8C9D-0E1F2A3B4C5D}</Data><Data Name=\"ProcessId\">7700</Data><Data Name=\"Image\">C:\\Program Files\\PuTTY\\putty.exe</Data><Data Name=\"User\">CORP\\agarcia</Data><Data Name=\"Protocol\">tcp</Data><Data Name=\"Initiated\">true</Data><Data Name=\"SourceIsIpv6\">false</Data><Data Name=\"SourceIp\">192.168.1.104</Data><Data Name=\"SourceHostname\">WORKSTATION-04.corp.local</Data><Data Name=\"SourcePort\">51234</Data><Data Name=\"SourcePortName\">-</Data><Data Name=\"DestinationIsIpv6\">false</Data><Data Name=\"DestinationIp\">10.0.0.5</Data><Data Name=\"DestinationHostname\">linux-srv-01.corp.local</Data><Data Name=\"DestinationPort\">22</Data><Data Name=\"DestinationPortName\">ssh</Data></EventData></Event>"}
{"source_type":"winevt_xml","raw":"<Event xmlns=\"http://schemas.microsoft.com/win/2004/08/events/event\"><System><Provider Name=\"Microsoft-Windows-Sysmon\" Guid=\"{5770385F-C22A-43E0-BF4C-06F5698FFBD9}\"/><EventID>11</EventID><Version>2</Version><Level>4</Level><Task>11</Task><Opcode>0</Opcode><Keywords>0x8000000000000000</Keywords><TimeCreated SystemTime=\"2026-03-14T13:00:00.000Z\"/><EventRecordID>9006</EventRecordID><Channel>Microsoft-Windows-Sysmon/Operational</Channel><Computer>WORKSTATION-02.corp.local</Computer></System><EventData><Data Name=\"RuleName\">-</Data><Data Name=\"UtcTime\">2026-03-14 13:00:00.000</Data><Data Name=\"ProcessGuid\">{B2C3D4E5-3333-4F6A-7B8C-9D0E1F2A3B4C}</Data><Data Name=\"ProcessId\">15000</Data><Data Name=\"Image\">C:\\Windows\\System32\\certutil.exe</Data><Data Name=\"TargetFilename\">C:\\temp\\beacon.exe</Data><Data Name=\"CreationUtcTime\">2026-03-14 13:00:00.000</Data></EventData></Event>"}
{"source_type":"winevt_xml","raw":"<Event xmlns=\"http://schemas.microsoft.com/win/2004/08/events/event\"><System><Provider Name=\"Microsoft-Windows-Security-Auditing\" Guid=\"{54849625-5478-4994-A5BA-3E3B0328C30D}\"/><EventID>4688</EventID><Version>2</Version><Level>0</Level><Task>13312</Task><Opcode>0</Opcode><Keywords>0x8020000000000000</Keywords><TimeCreated SystemTime=\"2026-03-14T20:00:00.000Z\"/><EventRecordID>3011</EventRecordID><Channel>Security</Channel><Computer>WORKSTATION-01.corp.local</Computer></System><EventData><Data Name=\"SubjectUserSid\">S-1-5-21-3623811015-3361044348-30300820-1001</Data><Data Name=\"SubjectUserName\">jsmith</Data><Data Name=\"SubjectDomainName\">CORP</Data><Data Name=\"NewProcessId\">0x0384</Data><Data Name=\"NewProcessName\">C:\\Program Files\\Sentinel\\SentinelAgent.exe</Data><Data Name=\"TokenElevationType\">%%1937</Data><Data Name=\"ProcessId\">0x02BC</Data><Data Name=\"CommandLine\">SentinelAgent.exe</Data><Data Name=\"ParentProcessName\">C:\\Windows\\System32\\services.exe</Data></EventData></Event>"}
{"source_type":"winevt_xml","raw":"<Event xmlns=\"http://schemas.microsoft.com/win/2004/08/events/event\"><System><Provider Name=\"Microsoft-Windows-Security-Auditing\" Guid=\"{54849625-5478-4994-A5BA-3E3B0328C30D}\"/><EventID>4625</EventID><Version>0</Version><Level>0</Level><Task>12546</Task><Opcode>0</Opcode><Keywords>0x8010000000000000</Keywords><TimeCreated SystemTime=\"2026-03-14T22:00:00.000Z\"/><EventRecordID>2010</EventRecordID><Channel>Security</Channel><Computer>SERVER-WEB-01.corp.local</Computer></System><EventData><Data Name=\"SubjectUserSid\">S-1-0-0</Data><Data Name=\"SubjectUserName\">-</Data><Data Name=\"SubjectDomainName\">-</Data><Data Name=\"TargetUserSid\">S-1-0-0</Data><Data Name=\"TargetUserName\">root</Data><Data Name=\"TargetDomainName\">SERVER-WEB-01</Data><Data Name=\"Status\">0xc000006d</Data><Data Name=\"FailureReason\">%%2313</Data><Data Name=\"SubStatus\">0xc0000064</Data><Data Name=\"LogonType\">3</Data><Data Name=\"LogonProcessName\">NtLmSsp</Data><Data Name=\"AuthenticationPackageName\">NTLM</Data><Data Name=\"WorkstationName\">-</Data><Data Name=\"IpAddress\">203.0.113.99</Data><Data Name=\"IpPort\">44400</Data></EventData></Event>"}